<?xml version="1.0" encoding="UTF-8"?>
<testsuite xmlns:xsi="http://www.w3.org/2001/XMLSchema-instance" xsi:noNamespaceSchemaLocation="https://maven.apache.org/surefire/maven-surefire-plugin/xsd/surefire-test-report.xsd" version="3.0.2" name="edu.usc.csci310.project.CucumberIntegrationTest" time="635.709" tests="66" errors="2" skipped="0" failures="0">
  <properties>
[...]
</properties>
  <testcase name="Favorites list - I can view my favorite songs" classname="Favorites list" time="14.206">
    <system-out><![CDATA[19:43:46.333 [main] INFO org.springframework.test.context.support.AnnotationConfigContextLoaderUtils -- Could not detect default configuration classes for test class [edu.usc.csci310.project.CucumberBootstrap]: CucumberBootstrap does not declare any static, non-private, non-final, nested classes annotated with @Configuration.
19:43:46.405 [main] INFO org.springframework.boot.test.context.SpringBootTestContextBootstrapper -- Found @SpringBootConfiguration edu.usc.csci310.project.SpringBootAPI for test class edu.usc.csci310.project.CucumberBootstrap

  .   ____          _            __ _ _
 /\\ / ___'_ __ _ _(_)_ __  __ _ \ \ \ \
( ( )\___ | '_ | '_| | '_ \/ _` | \ \ \ \
 \\/  ___)| |_)| | | | | || (_| |  ) ) ) )
  '  |____| .__|_| |_|_| |_\__, | / / / /
 =========|_|==============|___/=/_/_/_/
 :: Spring Boot ::                (v3.2.5)

2025-05-01T19:43:46.698-07:00  INFO 78842 --- [           main] e.usc.csci310.project.CucumberBootstrap  : Starting CucumberBootstrap using Java 21.0.1 with PID 78842 (started by jeenamahajan in /Users/jeenamahajan/Desktop/csci310/project-team-6)
2025-05-01T19:43:46.699-07:00  INFO 78842 --- [           main] e.usc.csci310.project.CucumberBootstrap  : No active profile set, falling back to 1 default profile: "default"
2025-05-01T19:43:47.427-07:00  INFO 78842 --- [           main] o.s.b.w.embedded.tomcat.TomcatWebServer  : Tomcat initialized with port 8080 (http)
2025-05-01T19:43:47.439-07:00  INFO 78842 --- [           main] o.apache.catalina.core.StandardService   : Starting service [Tomcat]
2025-05-01T19:43:47.439-07:00  INFO 78842 --- [           main] o.apache.catalina.core.StandardEngine    : Starting Servlet engine: [Apache Tomcat/10.1.20]
2025-05-01T19:43:47.479-07:00  INFO 78842 --- [           main] o.a.c.c.C.[Tomcat].[localhost].[/]       : Initializing Spring embedded WebApplicationContext
2025-05-01T19:43:47.479-07:00  INFO 78842 --- [           main] w.s.c.ServletWebServerApplicationContext : Root WebApplicationContext: initialization completed in 768 ms
Table favorites created
Table users created
2025-05-01T19:43:47.934-07:00  INFO 78842 --- [           main] o.s.b.a.w.s.WelcomePageHandlerMapping    : Adding welcome page: class path resource [public/index.html]
2025-05-01T19:43:48.151-07:00  INFO 78842 --- [           main] o.s.b.w.embedded.tomcat.TomcatWebServer  : Tomcat started on port 8080 (http) with context path ''
2025-05-01T19:43:48.156-07:00  INFO 78842 --- [           main] e.usc.csci310.project.CucumberBootstrap  : Started CucumberBootstrap in 1.651 seconds (process running for 11.427)

Scenario: I can view my favorite songs                   &amp#27;[90m# edu/usc/csci310/project/Favorites.feature:2&amp#27;[0m
2025-05-01T19:43:57.816-07:00  WARN 78842 --- [           main] o.o.selenium.devtools.CdpVersionFinder   : Unable to find CDP implementation matching 135
2025-05-01T19:43:57.817-07:00  WARN 78842 --- [           main] o.o.selenium.chromium.ChromiumDriver     : Unable to find version of CDP to use for 135.0.7049.116. You may need to include a dependency on a specific version of the CDP using something similar to `org.seleniumhq.selenium:selenium-devtools-v86:4.17.0` where the version ("v86") matches the version of the chromium-based browser you're using and the version number of the artifact is the same as Selenium's.
Table users created
Table favorites created
2025-05-01T19:43:57.977-07:00  INFO 78842 --- [nio-8080-exec-1] o.a.c.c.C.[Tomcat].[localhost].[/]       : Initializing Spring DispatcherServlet 'dispatcherServlet'
2025-05-01T19:43:57.977-07:00  INFO 78842 --- [nio-8080-exec-1] o.s.web.servlet.DispatcherServlet        : Initializing Servlet 'dispatcherServlet'
2025-05-01T19:43:57.978-07:00  INFO 78842 --- [nio-8080-exec-1] o.s.web.servlet.DispatcherServlet        : Completed initialization in 1 ms
  &amp#27;[32mGiven &amp#27;[0m&amp#27;[32mI am on the website home page&amp#27;[0m                    &amp#27;[90m# edu.usc.csci310.project.FavoritesStepDefs.iAmOnTheHomepage()&amp#27;[0m
  &amp#27;[32mAnd &amp#27;[0m&amp#27;[32mI am logged in and have songs on my favorites list&amp#27;[0m &amp#27;[90m# edu.usc.csci310.project.FavoritesStepDefs.iAmLoggedInAndHaveFavorites()&amp#27;[0m
  &amp#27;[32mWhen &amp#27;[0m&amp#27;[32mI click on the &amp#27;[0m&amp#27;[32m&amp#27;[1m"Favorites"&amp#27;[0m&amp#27;[32m button&amp#27;[0m                 &amp#27;[90m# edu.usc.csci310.project.FavoritesStepDefs.iClickTheButton(java.lang.String)&amp#27;[0m
  &amp#27;[32mThen &amp#27;[0m&amp#27;[32mI can see my favorites list&amp#27;[0m                       &amp#27;[90m# edu.usc.csci310.project.FavoritesStepDefs.iCanSeeMyFavoritesList()&amp#27;[0m
]]></system-out>
  </testcase>
  <testcase name="Favorites list - I can delete all the songs from my list" classname="Favorites list" time="6.045">
    <system-out><![CDATA[2025-05-01T19:44:00.486-07:00  INFO 78842 --- [           main] t.c.s.AnnotationConfigContextLoaderUtils : Could not detect default configuration classes for test class [edu.usc.csci310.project.CucumberBootstrap]: CucumberBootstrap does not declare any static, non-private, non-final, nested classes annotated with @Configuration.
2025-05-01T19:44:00.487-07:00  INFO 78842 --- [           main] .b.t.c.SpringBootTestContextBootstrapper : Found @SpringBootConfiguration edu.usc.csci310.project.SpringBootAPI for test class edu.usc.csci310.project.CucumberBootstrap

Scenario: I can delete all the songs from my list            &amp#27;[90m# edu/usc/csci310/project/Favorites.feature:8&amp#27;[0m
2025-05-01T19:44:03.178-07:00  WARN 78842 --- [           main] o.o.selenium.devtools.CdpVersionFinder   : Unable to find CDP implementation matching 135
2025-05-01T19:44:03.180-07:00  WARN 78842 --- [           main] o.o.selenium.chromium.ChromiumDriver     : Unable to find version of CDP to use for 135.0.7049.116. You may need to include a dependency on a specific version of the CDP using something similar to `org.seleniumhq.selenium:selenium-devtools-v86:4.17.0` where the version ("v86") matches the version of the chromium-based browser you're using and the version number of the artifact is the same as Selenium's.
Table users created
Table favorites created
  &amp#27;[32mGiven &amp#27;[0m&amp#27;[32mI am logged in and have songs on my favorites list&amp#27;[0m   &amp#27;[90m# edu.usc.csci310.project.FavoritesStepDefs.iAmLoggedInAndHaveFavorites()&amp#27;[0m
  &amp#27;[32mAnd &amp#27;[0m&amp#27;[32mI am on the favorites page&amp#27;[0m                             &amp#27;[90m# edu.usc.csci310.project.FavoritesStepDefs.iAmOnTheFavoritesPage()&amp#27;[0m
  &amp#27;[32mWhen &amp#27;[0m&amp#27;[32mI click on the &amp#27;[0m&amp#27;[32m&amp#27;[1m"Delete All Favorites"&amp#27;[0m&amp#27;[32m button&amp#27;[0m          &amp#27;[90m# edu.usc.csci310.project.FavoritesStepDefs.iClickTheButton(java.lang.String)&amp#27;[0m
  &amp#27;[32mAnd &amp#27;[0m&amp#27;[32mI click on the &amp#27;[0m&amp#27;[32m&amp#27;[1m"Delete"&amp#27;[0m&amp#27;[32m button&amp#27;[0m                         &amp#27;[90m# edu.usc.csci310.project.FavoritesStepDefs.iClickTheButton(java.lang.String)&amp#27;[0m
  &amp#27;[32mThen &amp#27;[0m&amp#27;[32mI should see no songs on my favorites list&amp#27;[0m            &amp#27;[90m# edu.usc.csci310.project.FavoritesStepDefs.iShouldSeeNoSongsOnMyFavoritesList()&amp#27;[0m
  &amp#27;[32mAnd &amp#27;[0m&amp#27;[32mI should see a message saying &amp#27;[0m&amp#27;[32m&amp#27;[1m"All favorites deleted."&amp#27;[0m &amp#27;[90m# edu.usc.csci310.project.FavoritesStepDefs.iShouldSeeTheSuccessMessage(java.lang.String)&amp#27;[0m
]]></system-out>
  </testcase>
  <testcase name="Favorites list - I can cancel deleting all songs" classname="Favorites list" time="6.038">
    <system-out><![CDATA[2025-05-01T19:44:06.532-07:00  INFO 78842 --- [           main] t.c.s.AnnotationConfigContextLoaderUtils : Could not detect default configuration classes for test class [edu.usc.csci310.project.CucumberBootstrap]: CucumberBootstrap does not declare any static, non-private, non-final, nested classes annotated with @Configuration.
2025-05-01T19:44:06.534-07:00  INFO 78842 --- [           main] .b.t.c.SpringBootTestContextBootstrapper : Found @SpringBootConfiguration edu.usc.csci310.project.SpringBootAPI for test class edu.usc.csci310.project.CucumberBootstrap

Scenario: I can cancel deleting all songs                  &amp#27;[90m# edu/usc/csci310/project/Favorites.feature:16&amp#27;[0m
2025-05-01T19:44:09.604-07:00  WARN 78842 --- [           main] o.o.selenium.devtools.CdpVersionFinder   : Unable to find CDP implementation matching 135
2025-05-01T19:44:09.650-07:00  WARN 78842 --- [           main] o.o.selenium.chromium.ChromiumDriver     : Unable to find version of CDP to use for 135.0.7049.116. You may need to include a dependency on a specific version of the CDP using something similar to `org.seleniumhq.selenium:selenium-devtools-v86:4.17.0` where the version ("v86") matches the version of the chromium-based browser you're using and the version number of the artifact is the same as Selenium's.
Table users created
Table favorites created
  &amp#27;[32mGiven &amp#27;[0m&amp#27;[32mI am logged in and have songs on my favorites list&amp#27;[0m &amp#27;[90m# edu.usc.csci310.project.FavoritesStepDefs.iAmLoggedInAndHaveFavorites()&amp#27;[0m
  &amp#27;[32mAnd &amp#27;[0m&amp#27;[32mI am on the favorites page&amp#27;[0m                           &amp#27;[90m# edu.usc.csci310.project.FavoritesStepDefs.iAmOnTheFavoritesPage()&amp#27;[0m
  &amp#27;[32mWhen &amp#27;[0m&amp#27;[32mI click on the &amp#27;[0m&amp#27;[32m&amp#27;[1m"Delete All Favorites"&amp#27;[0m&amp#27;[32m button&amp#27;[0m        &amp#27;[90m# edu.usc.csci310.project.FavoritesStepDefs.iClickTheButton(java.lang.String)&amp#27;[0m
  &amp#27;[32mAnd &amp#27;[0m&amp#27;[32mI click on the &amp#27;[0m&amp#27;[32m&amp#27;[1m"Cancel"&amp#27;[0m&amp#27;[32m button&amp#27;[0m                       &amp#27;[90m# edu.usc.csci310.project.FavoritesStepDefs.iClickTheButton(java.lang.String)&amp#27;[0m
  &amp#27;[32mThen &amp#27;[0m&amp#27;[32mNo songs should be deleted from my favorites list&amp#27;[0m   &amp#27;[90m# edu.usc.csci310.project.FavoritesStepDefs.noSongsShouldBeDeletedFromMyFavoritesList()&amp#27;[0m
]]></system-out>
  </testcase>
  <testcase name="Favorites list - I can delete one song from my favorite songs list" classname="Favorites list" time="6.312">
    <system-out><![CDATA[2025-05-01T19:44:12.584-07:00  INFO 78842 --- [           main] t.c.s.AnnotationConfigContextLoaderUtils : Could not detect default configuration classes for test class [edu.usc.csci310.project.CucumberBootstrap]: CucumberBootstrap does not declare any static, non-private, non-final, nested classes annotated with @Configuration.
2025-05-01T19:44:12.589-07:00  INFO 78842 --- [           main] .b.t.c.SpringBootTestContextBootstrapper : Found @SpringBootConfiguration edu.usc.csci310.project.SpringBootAPI for test class edu.usc.csci310.project.CucumberBootstrap

Scenario: I can delete one song from my favorite songs list               &amp#27;[90m# edu/usc/csci310/project/Favorites.feature:23&amp#27;[0m
2025-05-01T19:44:14.780-07:00  WARN 78842 --- [           main] o.o.selenium.devtools.CdpVersionFinder   : Unable to find CDP implementation matching 135
2025-05-01T19:44:14.784-07:00  WARN 78842 --- [           main] o.o.selenium.chromium.ChromiumDriver     : Unable to find version of CDP to use for 135.0.7049.116. You may need to include a dependency on a specific version of the CDP using something similar to `org.seleniumhq.selenium:selenium-devtools-v86:4.17.0` where the version ("v86") matches the version of the chromium-based browser you're using and the version number of the artifact is the same as Selenium's.
Table users created
Table favorites created
  &amp#27;[32mGiven &amp#27;[0m&amp#27;[32mI am logged in and have songs on my favorites list&amp#27;[0m                &amp#27;[90m# edu.usc.csci310.project.FavoritesStepDefs.iAmLoggedInAndHaveFavorites()&amp#27;[0m
  &amp#27;[32mAnd &amp#27;[0m&amp#27;[32mI am on the favorites page&amp#27;[0m                                          &amp#27;[90m# edu.usc.csci310.project.FavoritesStepDefs.iAmOnTheFavoritesPage()&amp#27;[0m
  &amp#27;[32mWhen &amp#27;[0m&amp#27;[32mI hover over the title of song 1&amp#27;[0m                                   &amp#27;[90m# edu.usc.csci310.project.FavoritesStepDefs.iHoverOverTheTitleOfSong1()&amp#27;[0m
  &amp#27;[32mAnd &amp#27;[0m&amp#27;[32mI click on the &amp#27;[0m&amp#27;[32m&amp#27;[1m"Delete"&amp#27;[0m&amp#27;[32m button&amp#27;[0m                                      &amp#27;[90m# edu.usc.csci310.project.FavoritesStepDefs.iClickTheButton(java.lang.String)&amp#27;[0m
  &amp#27;[32mAnd &amp#27;[0m&amp#27;[32mI click on the &amp#27;[0m&amp#27;[32m&amp#27;[1m"Delete"&amp#27;[0m&amp#27;[32m button&amp#27;[0m                                      &amp#27;[90m# edu.usc.csci310.project.FavoritesStepDefs.iClickTheButton(java.lang.String)&amp#27;[0m
  &amp#27;[32mThen &amp#27;[0m&amp#27;[32mI should see a message saying &amp#27;[0m&amp#27;[32m&amp#27;[1m"Deleted \"Sorry\" by Justin Bieber"&amp#27;[0m &amp#27;[90m# edu.usc.csci310.project.FavoritesStepDefs.iShouldSeeTheSuccessMessage(java.lang.String)&amp#27;[0m
]]></system-out>
  </testcase>
  <testcase name="Favorites list - I can cancel deleting one song from my favorite songs list" classname="Favorites list" time="5.682">
    <system-out><![CDATA[2025-05-01T19:44:18.884-07:00  INFO 78842 --- [           main] t.c.s.AnnotationConfigContextLoaderUtils : Could not detect default configuration classes for test class [edu.usc.csci310.project.CucumberBootstrap]: CucumberBootstrap does not declare any static, non-private, non-final, nested classes annotated with @Configuration.
2025-05-01T19:44:18.886-07:00  INFO 78842 --- [           main] .b.t.c.SpringBootTestContextBootstrapper : Found @SpringBootConfiguration edu.usc.csci310.project.SpringBootAPI for test class edu.usc.csci310.project.CucumberBootstrap

Scenario: I can cancel deleting one song from my favorite songs list &amp#27;[90m# edu/usc/csci310/project/Favorites.feature:31&amp#27;[0m
2025-05-01T19:44:20.885-07:00  WARN 78842 --- [           main] o.o.selenium.devtools.CdpVersionFinder   : Unable to find CDP implementation matching 135
2025-05-01T19:44:20.890-07:00  WARN 78842 --- [           main] o.o.selenium.chromium.ChromiumDriver     : Unable to find version of CDP to use for 135.0.7049.116. You may need to include a dependency on a specific version of the CDP using something similar to `org.seleniumhq.selenium:selenium-devtools-v86:4.17.0` where the version ("v86") matches the version of the chromium-based browser you're using and the version number of the artifact is the same as Selenium's.
Table users created
Table favorites created
  &amp#27;[32mGiven &amp#27;[0m&amp#27;[32mI am logged in and have songs on my favorites list&amp#27;[0m           &amp#27;[90m# edu.usc.csci310.project.FavoritesStepDefs.iAmLoggedInAndHaveFavorites()&amp#27;[0m
  &amp#27;[32mAnd &amp#27;[0m&amp#27;[32mI am on the favorites page&amp#27;[0m                                     &amp#27;[90m# edu.usc.csci310.project.FavoritesStepDefs.iAmOnTheFavoritesPage()&amp#27;[0m
  &amp#27;[32mWhen &amp#27;[0m&amp#27;[32mI hover over the title of song 1&amp#27;[0m                              &amp#27;[90m# edu.usc.csci310.project.FavoritesStepDefs.iHoverOverTheTitleOfSong1()&amp#27;[0m
  &amp#27;[32mAnd &amp#27;[0m&amp#27;[32mI click on the &amp#27;[0m&amp#27;[32m&amp#27;[1m"Delete"&amp#27;[0m&amp#27;[32m button&amp#27;[0m                                 &amp#27;[90m# edu.usc.csci310.project.FavoritesStepDefs.iClickTheButton(java.lang.String)&amp#27;[0m
  &amp#27;[32mAnd &amp#27;[0m&amp#27;[32mI click on the &amp#27;[0m&amp#27;[32m&amp#27;[1m"Cancel"&amp#27;[0m&amp#27;[32m button&amp#27;[0m                                 &amp#27;[90m# edu.usc.csci310.project.FavoritesStepDefs.iClickTheButton(java.lang.String)&amp#27;[0m
  &amp#27;[32mThen &amp#27;[0m&amp#27;[32mSong 1 should not be removed from my favorites list&amp#27;[0m           &amp#27;[90m# edu.usc.csci310.project.FavoritesStepDefs.song1ShouldNotBeRemovedFromMyFavoritesList()&amp#27;[0m
]]></system-out>
  </testcase>
  <testcase name="Favorites list - Move a song up in the list" classname="Favorites list" time="5.103">
    <system-out><![CDATA[2025-05-01T19:44:24.568-07:00  INFO 78842 --- [           main] t.c.s.AnnotationConfigContextLoaderUtils : Could not detect default configuration classes for test class [edu.usc.csci310.project.CucumberBootstrap]: CucumberBootstrap does not declare any static, non-private, non-final, nested classes annotated with @Configuration.
2025-05-01T19:44:24.570-07:00  INFO 78842 --- [           main] .b.t.c.SpringBootTestContextBootstrapper : Found @SpringBootConfiguration edu.usc.csci310.project.SpringBootAPI for test class edu.usc.csci310.project.CucumberBootstrap

Scenario: Move a song up in the list                                        &amp#27;[90m# edu/usc/csci310/project/Favorites.feature:39&amp#27;[0m
2025-05-01T19:44:26.944-07:00  WARN 78842 --- [           main] o.o.selenium.devtools.CdpVersionFinder   : Unable to find CDP implementation matching 135
2025-05-01T19:44:26.945-07:00  WARN 78842 --- [           main] o.o.selenium.chromium.ChromiumDriver     : Unable to find version of CDP to use for 135.0.7049.116. You may need to include a dependency on a specific version of the CDP using something similar to `org.seleniumhq.selenium:selenium-devtools-v86:4.17.0` where the version ("v86") matches the version of the chromium-based browser you're using and the version number of the artifact is the same as Selenium's.
Table users created
Table favorites created
  &amp#27;[32mGiven &amp#27;[0m&amp#27;[32mI am logged in and have songs on my favorites list&amp#27;[0m                  &amp#27;[90m# edu.usc.csci310.project.FavoritesStepDefs.iAmLoggedInAndHaveFavorites()&amp#27;[0m
  &amp#27;[32mAnd &amp#27;[0m&amp#27;[32mI am on the favorites page&amp#27;[0m                                            &amp#27;[90m# edu.usc.csci310.project.FavoritesStepDefs.iAmOnTheFavoritesPage()&amp#27;[0m
  &amp#27;[32mWhen &amp#27;[0m&amp#27;[32mI hover over the title of song 2&amp#27;[0m                                     &amp#27;[90m# edu.usc.csci310.project.FavoritesStepDefs.iHoverOverTheTitleOfSong2()&amp#27;[0m
  &amp#27;[32mAnd &amp#27;[0m&amp#27;[32mI click on the &amp#27;[0m&amp#27;[32m&amp#27;[1m"Move Up"&amp#27;[0m&amp#27;[32m button&amp#27;[0m                                       &amp#27;[90m# edu.usc.csci310.project.FavoritesStepDefs.iClickTheButton(java.lang.String)&amp#27;[0m
  &amp#27;[32mThen &amp#27;[0m&amp#27;[32mSong 2 &amp#27;[0m&amp#27;[32m&amp#27;[1m"Love Yourself"&amp#27;[0m&amp#27;[32m should be the first song on my favorites list&amp#27;[0m &amp#27;[90m# edu.usc.csci310.project.FavoritesStepDefs.song2ShouldBeTheFirstSongOnMyFavoritesList(java.lang.String)&amp#27;[0m
]]></system-out>
  </testcase>
  <testcase name="Favorites list - Move a song down in the list" classname="Favorites list" time="4.945">
    <system-out><![CDATA[2025-05-01T19:44:29.670-07:00  INFO 78842 --- [           main] t.c.s.AnnotationConfigContextLoaderUtils : Could not detect default configuration classes for test class [edu.usc.csci310.project.CucumberBootstrap]: CucumberBootstrap does not declare any static, non-private, non-final, nested classes annotated with @Configuration.
2025-05-01T19:44:29.672-07:00  INFO 78842 --- [           main] .b.t.c.SpringBootTestContextBootstrapper : Found @SpringBootConfiguration edu.usc.csci310.project.SpringBootAPI for test class edu.usc.csci310.project.CucumberBootstrap

Scenario: Move a song down in the list                               &amp#27;[90m# edu/usc/csci310/project/Favorites.feature:46&amp#27;[0m
2025-05-01T19:44:31.610-07:00  WARN 78842 --- [           main] o.o.selenium.devtools.CdpVersionFinder   : Unable to find CDP implementation matching 135
2025-05-01T19:44:31.641-07:00  WARN 78842 --- [           main] o.o.selenium.chromium.ChromiumDriver     : Unable to find version of CDP to use for 135.0.7049.116. You may need to include a dependency on a specific version of the CDP using something similar to `org.seleniumhq.selenium:selenium-devtools-v86:4.17.0` where the version ("v86") matches the version of the chromium-based browser you're using and the version number of the artifact is the same as Selenium's.
Table users created
Table favorites created
  &amp#27;[32mGiven &amp#27;[0m&amp#27;[32mI am logged in and have songs on my favorites list&amp#27;[0m           &amp#27;[90m# edu.usc.csci310.project.FavoritesStepDefs.iAmLoggedInAndHaveFavorites()&amp#27;[0m
  &amp#27;[32mAnd &amp#27;[0m&amp#27;[32mI am on the favorites page&amp#27;[0m                                     &amp#27;[90m# edu.usc.csci310.project.FavoritesStepDefs.iAmOnTheFavoritesPage()&amp#27;[0m
  &amp#27;[32mWhen &amp#27;[0m&amp#27;[32mI hover over the title of song 1&amp#27;[0m                              &amp#27;[90m# edu.usc.csci310.project.FavoritesStepDefs.iHoverOverTheTitleOfSong1()&amp#27;[0m
  &amp#27;[32mAnd &amp#27;[0m&amp#27;[32mI click on the &amp#27;[0m&amp#27;[32m&amp#27;[1m"Move Down"&amp#27;[0m&amp#27;[32m button&amp#27;[0m                              &amp#27;[90m# edu.usc.csci310.project.FavoritesStepDefs.iClickTheButton(java.lang.String)&amp#27;[0m
  &amp#27;[32mThen &amp#27;[0m&amp#27;[32mSong 1 &amp#27;[0m&amp#27;[32m&amp#27;[1m"Sorry"&amp#27;[0m&amp#27;[32m should be the second song on my favorites list&amp#27;[0m &amp#27;[90m# edu.usc.csci310.project.FavoritesStepDefs.song1ShouldBeTheSecondSongOnMyFavoritesList(java.lang.String)&amp#27;[0m
]]></system-out>
  </testcase>
  <testcase name="Favorites list - Toggle from public to private account" classname="Favorites list" time="4.236">
    <system-out><![CDATA[2025-05-01T19:44:34.615-07:00  INFO 78842 --- [           main] t.c.s.AnnotationConfigContextLoaderUtils : Could not detect default configuration classes for test class [edu.usc.csci310.project.CucumberBootstrap]: CucumberBootstrap does not declare any static, non-private, non-final, nested classes annotated with @Configuration.
2025-05-01T19:44:34.616-07:00  INFO 78842 --- [           main] .b.t.c.SpringBootTestContextBootstrapper : Found @SpringBootConfiguration edu.usc.csci310.project.SpringBootAPI for test class edu.usc.csci310.project.CucumberBootstrap

Scenario: Toggle from public to private account            &amp#27;[90m# edu/usc/csci310/project/Favorites.feature:53&amp#27;[0m
2025-05-01T19:44:36.189-07:00  WARN 78842 --- [           main] o.o.selenium.devtools.CdpVersionFinder   : Unable to find CDP implementation matching 135
2025-05-01T19:44:36.190-07:00  WARN 78842 --- [           main] o.o.selenium.chromium.ChromiumDriver     : Unable to find version of CDP to use for 135.0.7049.116. You may need to include a dependency on a specific version of the CDP using something similar to `org.seleniumhq.selenium:selenium-devtools-v86:4.17.0` where the version ("v86") matches the version of the chromium-based browser you're using and the version number of the artifact is the same as Selenium's.
Table users created
Table favorites created
  &amp#27;[32mGiven &amp#27;[0m&amp#27;[32mI am logged in and have songs on my favorites list&amp#27;[0m &amp#27;[90m# edu.usc.csci310.project.FavoritesStepDefs.iAmLoggedInAndHaveFavorites()&amp#27;[0m
  &amp#27;[32mAnd &amp#27;[0m&amp#27;[32mI am on the favorites page&amp#27;[0m                           &amp#27;[90m# edu.usc.csci310.project.FavoritesStepDefs.iAmOnTheFavoritesPage()&amp#27;[0m
  &amp#27;[32mAnd &amp#27;[0m&amp#27;[32mMy account is public&amp#27;[0m                                 &amp#27;[90m# edu.usc.csci310.project.FavoritesStepDefs.myAccountIsPublic()&amp#27;[0m
  &amp#27;[32mWhen &amp#27;[0m&amp#27;[32mI click on the &amp#27;[0m&amp#27;[32m&amp#27;[1m"Account Private"&amp#27;[0m&amp#27;[32m button&amp#27;[0m             &amp#27;[90m# edu.usc.csci310.project.FavoritesStepDefs.iClickTheButton(java.lang.String)&amp#27;[0m
  &amp#27;[32mThen &amp#27;[0m&amp#27;[32mMy account should be private&amp#27;[0m                        &amp#27;[90m# edu.usc.csci310.project.FavoritesStepDefs.myAccountShouldBePrivate()&amp#27;[0m
]]></system-out>
  </testcase>
  <testcase name="Favorites list - Toggle from private to public account" classname="Favorites list" time="4.022">
    <system-out><![CDATA[2025-05-01T19:44:38.857-07:00  INFO 78842 --- [           main] t.c.s.AnnotationConfigContextLoaderUtils : Could not detect default configuration classes for test class [edu.usc.csci310.project.CucumberBootstrap]: CucumberBootstrap does not declare any static, non-private, non-final, nested classes annotated with @Configuration.
2025-05-01T19:44:38.866-07:00  INFO 78842 --- [           main] .b.t.c.SpringBootTestContextBootstrapper : Found @SpringBootConfiguration edu.usc.csci310.project.SpringBootAPI for test class edu.usc.csci310.project.CucumberBootstrap

Scenario: Toggle from private to public account            &amp#27;[90m# edu/usc/csci310/project/Favorites.feature:60&amp#27;[0m
2025-05-01T19:44:40.579-07:00  WARN 78842 --- [           main] o.o.selenium.devtools.CdpVersionFinder   : Unable to find CDP implementation matching 135
2025-05-01T19:44:40.580-07:00  WARN 78842 --- [           main] o.o.selenium.chromium.ChromiumDriver     : Unable to find version of CDP to use for 135.0.7049.116. You may need to include a dependency on a specific version of the CDP using something similar to `org.seleniumhq.selenium:selenium-devtools-v86:4.17.0` where the version ("v86") matches the version of the chromium-based browser you're using and the version number of the artifact is the same as Selenium's.
Table users created
Table favorites created
  &amp#27;[32mGiven &amp#27;[0m&amp#27;[32mI am logged in and have songs on my favorites list&amp#27;[0m &amp#27;[90m# edu.usc.csci310.project.FavoritesStepDefs.iAmLoggedInAndHaveFavorites()&amp#27;[0m
  &amp#27;[32mAnd &amp#27;[0m&amp#27;[32mI am on the favorites page&amp#27;[0m                           &amp#27;[90m# edu.usc.csci310.project.FavoritesStepDefs.iAmOnTheFavoritesPage()&amp#27;[0m
  &amp#27;[32mWhen &amp#27;[0m&amp#27;[32mI click on the &amp#27;[0m&amp#27;[32m&amp#27;[1m"Account Public"&amp#27;[0m&amp#27;[32m button&amp#27;[0m              &amp#27;[90m# edu.usc.csci310.project.FavoritesStepDefs.iClickTheButton(java.lang.String)&amp#27;[0m
  &amp#27;[32mThen &amp#27;[0m&amp#27;[32mMy account should be public&amp#27;[0m                         &amp#27;[90m# edu.usc.csci310.project.FavoritesStepDefs.myAccountShouldBePublic()&amp#27;[0m
]]></system-out>
  </testcase>
  <testcase name="Favorites list - Account starts as private" classname="Favorites list" time="4.073">
    <system-out><![CDATA[2025-05-01T19:44:42.876-07:00  INFO 78842 --- [           main] t.c.s.AnnotationConfigContextLoaderUtils : Could not detect default configuration classes for test class [edu.usc.csci310.project.CucumberBootstrap]: CucumberBootstrap does not declare any static, non-private, non-final, nested classes annotated with @Configuration.
2025-05-01T19:44:42.878-07:00  INFO 78842 --- [           main] .b.t.c.SpringBootTestContextBootstrapper : Found @SpringBootConfiguration edu.usc.csci310.project.SpringBootAPI for test class edu.usc.csci310.project.CucumberBootstrap

Scenario: Account starts as private &amp#27;[90m# edu/usc/csci310/project/Favorites.feature:66&amp#27;[0m
2025-05-01T19:44:44.725-07:00  WARN 78842 --- [           main] o.o.selenium.devtools.CdpVersionFinder   : Unable to find CDP implementation matching 135
2025-05-01T19:44:44.740-07:00  WARN 78842 --- [           main] o.o.selenium.chromium.ChromiumDriver     : Unable to find version of CDP to use for 135.0.7049.116. You may need to include a dependency on a specific version of the CDP using something similar to `org.seleniumhq.selenium:selenium-devtools-v86:4.17.0` where the version ("v86") matches the version of the chromium-based browser you're using and the version number of the artifact is the same as Selenium's.
Table users created
Table favorites created
  &amp#27;[32mGiven &amp#27;[0m&amp#27;[32mI just made a new account&amp#27;[0m   &amp#27;[90m# edu.usc.csci310.project.FavoritesStepDefs.iJustMadeANewAccount()&amp#27;[0m
  &amp#27;[32mAnd &amp#27;[0m&amp#27;[32mI am on the favorites page&amp#27;[0m    &amp#27;[90m# edu.usc.csci310.project.FavoritesStepDefs.iAmOnTheFavoritesPage()&amp#27;[0m
  &amp#27;[32mThen &amp#27;[0m&amp#27;[32mMy account should be private&amp#27;[0m &amp#27;[90m# edu.usc.csci310.project.FavoritesStepDefs.myAccountShouldBePrivate()&amp#27;[0m
]]></system-out>
  </testcase>
  <testcase name="Favorites list - Clicking on a song title shows song info" classname="Favorites list" time="6.558">
    <system-out><![CDATA[2025-05-01T19:44:46.949-07:00  INFO 78842 --- [           main] t.c.s.AnnotationConfigContextLoaderUtils : Could not detect default configuration classes for test class [edu.usc.csci310.project.CucumberBootstrap]: CucumberBootstrap does not declare any static, non-private, non-final, nested classes annotated with @Configuration.
2025-05-01T19:44:46.951-07:00  INFO 78842 --- [           main] .b.t.c.SpringBootTestContextBootstrapper : Found @SpringBootConfiguration edu.usc.csci310.project.SpringBootAPI for test class edu.usc.csci310.project.CucumberBootstrap

Scenario: Clicking on a song title shows song info         &amp#27;[90m# edu/usc/csci310/project/Favorites.feature:71&amp#27;[0m
2025-05-01T19:44:48.737-07:00  WARN 78842 --- [           main] o.o.selenium.devtools.CdpVersionFinder   : Unable to find CDP implementation matching 135
2025-05-01T19:44:48.738-07:00  WARN 78842 --- [           main] o.o.selenium.chromium.ChromiumDriver     : Unable to find version of CDP to use for 135.0.7049.116. You may need to include a dependency on a specific version of the CDP using something similar to `org.seleniumhq.selenium:selenium-devtools-v86:4.17.0` where the version ("v86") matches the version of the chromium-based browser you're using and the version number of the artifact is the same as Selenium's.
Table users created
Table favorites created
  &amp#27;[32mGiven &amp#27;[0m&amp#27;[32mI am logged in and have songs on my favorites list&amp#27;[0m &amp#27;[90m# edu.usc.csci310.project.FavoritesStepDefs.iAmLoggedInAndHaveFavorites()&amp#27;[0m
  &amp#27;[32mAnd &amp#27;[0m&amp#27;[32mI am on the favorites page&amp#27;[0m                           &amp#27;[90m# edu.usc.csci310.project.FavoritesStepDefs.iAmOnTheFavoritesPage()&amp#27;[0m
  &amp#27;[32mWhen &amp#27;[0m&amp#27;[32mI click on the title of song 1&amp#27;[0m                      &amp#27;[90m# edu.usc.csci310.project.FavoritesStepDefs.iClickOnTheTitleOfSong1()&amp#27;[0m
9069f9a5c4a7499886f5849c8099fe79 : 9fdc45804ec24a18b510c35f5b5eb492
Status Code: 200
{"tracks":{"href":"https://api.spotify.com/v1/search?offset=0&limit=1&query=Sorry%20Justin%20Bieber&type=track","limit":1,"next":"https://api.spotify.com/v1/search?offset=1&limit=1&query=Sorry%20Justin%20Bieber&type=track","offset":0,"previous":null,"total":1000,"items":[{"album":{"album_type":"album","artists":[{"external_urls":{"spotify":"https://open.spotify.com/artist/1uNFoZAHBGtllmzznpCI3s"},"href":"https://api.spotify.com/v1/artists/1uNFoZAHBGtllmzznpCI3s","id":"1uNFoZAHBGtllmzznpCI3s","name":"Justin Bieber","type":"artist","uri":"spotify:artist:1uNFoZAHBGtllmzznpCI3s"}],"available_markets":["AR","AU","AT","BE","BO","BR","BG","CA","CL","CO","CR","CY","CZ","DK","DO","DE","EC","EE","SV","FI","FR","GR","GT","HN","HK","HU","IS","IE","IT","LV","LT","LU","MT","MX","NL","NZ","NI","NO","PA","PY","PE","PH","PL","PT","SK","ES","SE","CH","TW","TR","UY","US","GB","AD","LI","MC","JP","TH","VN","RO","IL","ZA","IN","BY","KZ","MD","UA","AL","BA","HR","ME","MK","RS","SI","KR","BD","PK","LK","GH","KE","NG","TZ","UG","AG","AM","BS","BB","BZ","BT","BW","BF","CV","CW","DM","FJ","GM","GE","GD","GW","GY","HT","JM","KI","LS","LR","MW","MV","ML","MH","FM","NA","NR","NE","PW","PG","WS","SM","ST","SN","SC","SL","SB","KN","LC","VC","SR","TL","TO","TT","TV","VU","AZ","BN","BI","KH","CM","TD","KM","GQ","SZ","GA","GN","KG","LA","MO","MR","MN","NP","RW","TG","UZ","ZW","BJ","MG","MU","MZ","AO","CI","DJ","ZM","CD","CG","TJ","VE","ET","XK"],"external_urls":{"spotify":"https://open.spotify.com/album/6Fr2rQkZ383FcMqFyT7yPr"},"href":"https://api.spotify.com/v1/albums/6Fr2rQkZ383FcMqFyT7yPr","id":"6Fr2rQkZ383FcMqFyT7yPr","images":[{"height":640,"width":640,"url":"https://i.scdn.co/image/ab67616d0000b273f46b9d202509a8f7384b90de"},{"height":300,"width":300,"url":"https://i.scdn.co/image/ab67616d00001e02f46b9d202509a8f7384b90de"},{"height":64,"width":64,"url":"https://i.scdn.co/image/ab67616d00004851f46b9d202509a8f7384b90de"}],"is_playable":true,"name":"Purpose (Deluxe)","release_date":"2015-11-13","release_date_precision":"day","total_tracks":19,"type":"album","uri":"spotify:album:6Fr2rQkZ383FcMqFyT7yPr"},"artists":[{"external_urls":{"spotify":"https://open.spotify.com/artist/1uNFoZAHBGtllmzznpCI3s"},"href":"https://api.spotify.com/v1/artists/1uNFoZAHBGtllmzznpCI3s","id":"1uNFoZAHBGtllmzznpCI3s","name":"Justin Bieber","type":"artist","uri":"spotify:artist:1uNFoZAHBGtllmzznpCI3s"}],"available_markets":["AR","AU","AT","BE","BO","BR","BG","CA","CL","CO","CR","CY","CZ","DK","DO","DE","EC","EE","SV","FI","FR","GR","GT","HN","HK","HU","IS","IE","IT","LV","LT","LU","MT","MX","NL","NZ","NI","NO","PA","PY","PE","PH","PL","PT","SK","ES","SE","CH","TW","TR","UY","US","GB","AD","LI","MC","JP","TH","VN","RO","IL","ZA","IN","BY","KZ","MD","UA","AL","BA","HR","ME","MK","RS","SI","KR","BD","PK","LK","GH","KE","NG","TZ","UG","AG","AM","BS","BB","BZ","BT","BW","BF","CV","CW","DM","FJ","GM","GE","GD","GW","GY","HT","JM","KI","LS","LR","MW","MV","ML","MH","FM","NA","NR","NE","PW","PG","WS","SM","ST","SN","SC","SL","SB","KN","LC","VC","SR","TL","TO","TT","TV","VU","AZ","BN","BI","KH","CM","TD","KM","GQ","SZ","GA","GN","KG","LA","MO","MR","MN","NP","RW","TG","UZ","ZW","BJ","MG","MU","MZ","AO","CI","DJ","ZM","CD","CG","TJ","VE","ET","XK"],"disc_number":1,"duration_ms":200786,"explicit":false,"external_ids":{"isrc":"USUM71516760"},"external_urls":{"spotify":"https://open.spotify.com/track/09CtPGIpYB4BrO8qb1RGsF"},"href":"https://api.spotify.com/v1/tracks/09CtPGIpYB4BrO8qb1RGsF","id":"09CtPGIpYB4BrO8qb1RGsF","is_local":false,"is_playable":true,"name":"Sorry","popularity":87,"preview_url":null,"track_number":4,"type":"track","uri":"spotify:track:09CtPGIpYB4BrO8qb1RGsF"}]}}
Purpose (Deluxe)
2015
Status Code: 200
Oooh, ooh...
Oooh, ooh...
You gotta go and get angry at all of my honesty
You know I try but I don't do too well with apologies
I hope I don't run out of time, could someone call a referee?

'Cause I just need one more shot at forgiveness



I know you know that I made those mistakes maybe once or twice

By once or twice I mean maybe a couple of hundred times

So let me, oh let me redeem, oh redeem, oh myself tonight

'Cause I just need one more shot at second chance



Yeah, is it too late now to say sorry?

'Cause I'm missing more than just your body, oh

Is it too late now to say sorry?

Yeah I know that I let you down

Is it too late to say I'm sorry now?



Ooh, ooh... I'm sorry, yeah

Ooh, ooh... Sorry, yeah

Ooh, ooh.. Sorry

Yeah I know that I let you down

Is it too late to say I'm sorry now?



Ooh, ooh... 



I'll take every single piece of the blame if you want me to

But you know that there is no innocent one in this game for two

I'll go, I'll go and then you go, you go out and spill the truth

Can we both say the words and forget this? Yeah



Is it too late now to say sorry?

'Cause I'm missing more than just your body, oh

Is it too late now to say sorry?

Yeah I know that I let you down

Is it too late to say I'm sorry now?



I'm not just trying to get you back on me (oh no no)

'Cause I'm missing more than just your body, oh

Is it too late now to say sorry?

Yeah I know that I let you down

Is it too late to say I'm sorry now?





Ooh, ooh... I'm sorry, yeah

Ooh, ooh... Sorry, oh

Ooh, ooh... Sorry

Yeah I know that I let you down

Is it too late to say I'm sorry now?



Ooh, ooh... I'm sorry, yeah

Ooh, ooh... Sorry, oh

Ooh, ooh... Sorry

Yeah I know that I let you down

Is it too late to say I'm sorry now?
  &amp#27;[32mThen &amp#27;[0m&amp#27;[32mI should see the song's artist and year&amp#27;[0m             &amp#27;[90m# edu.usc.csci310.project.FavoritesStepDefs.iShouldSeeTheSongArtistAndYear()&amp#27;[0m
]]></system-out>
  </testcase>
  <testcase name="Favorites list - Favorites list is persistent" classname="Favorites list" time="4.417">
    <system-out><![CDATA[2025-05-01T19:44:53.507-07:00  INFO 78842 --- [           main] t.c.s.AnnotationConfigContextLoaderUtils : Could not detect default configuration classes for test class [edu.usc.csci310.project.CucumberBootstrap]: CucumberBootstrap does not declare any static, non-private, non-final, nested classes annotated with @Configuration.
2025-05-01T19:44:53.508-07:00  INFO 78842 --- [           main] .b.t.c.SpringBootTestContextBootstrapper : Found @SpringBootConfiguration edu.usc.csci310.project.SpringBootAPI for test class edu.usc.csci310.project.CucumberBootstrap

Scenario: Favorites list is persistent                     &amp#27;[90m# edu/usc/csci310/project/Favorites.feature:77&amp#27;[0m
2025-05-01T19:44:55.183-07:00  WARN 78842 --- [           main] o.o.selenium.devtools.CdpVersionFinder   : Unable to find CDP implementation matching 135
2025-05-01T19:44:55.184-07:00  WARN 78842 --- [           main] o.o.selenium.chromium.ChromiumDriver     : Unable to find version of CDP to use for 135.0.7049.116. You may need to include a dependency on a specific version of the CDP using something similar to `org.seleniumhq.selenium:selenium-devtools-v86:4.17.0` where the version ("v86") matches the version of the chromium-based browser you're using and the version number of the artifact is the same as Selenium's.
Table users created
Table favorites created
  &amp#27;[32mGiven &amp#27;[0m&amp#27;[32mI am logged in and have songs on my favorites list&amp#27;[0m &amp#27;[90m# edu.usc.csci310.project.FavoritesStepDefs.iAmLoggedInAndHaveFavorites()&amp#27;[0m
  &amp#27;[32mAnd &amp#27;[0m&amp#27;[32mI am on the website home page&amp#27;[0m                        &amp#27;[90m# edu.usc.csci310.project.FavoritesStepDefs.iAmOnTheHomepage()&amp#27;[0m
  &amp#27;[32mWhen &amp#27;[0m&amp#27;[32mI click on the &amp#27;[0m&amp#27;[32m&amp#27;[1m"Favorites"&amp#27;[0m&amp#27;[32m button&amp#27;[0m                   &amp#27;[90m# edu.usc.csci310.project.FavoritesStepDefs.iClickTheButton(java.lang.String)&amp#27;[0m
  &amp#27;[32mAnd &amp#27;[0m&amp#27;[32mI click on the &amp#27;[0m&amp#27;[32m&amp#27;[1m"Search"&amp#27;[0m&amp#27;[32m button&amp#27;[0m                       &amp#27;[90m# edu.usc.csci310.project.FavoritesStepDefs.iClickTheButton(java.lang.String)&amp#27;[0m
  &amp#27;[32mAnd &amp#27;[0m&amp#27;[32mI click on the &amp#27;[0m&amp#27;[32m&amp#27;[1m"Favorites"&amp#27;[0m&amp#27;[32m button&amp#27;[0m                    &amp#27;[90m# edu.usc.csci310.project.FavoritesStepDefs.iClickTheButton(java.lang.String)&amp#27;[0m
  &amp#27;[32mThen &amp#27;[0m&amp#27;[32mI can see my favorites list&amp#27;[0m                         &amp#27;[90m# edu.usc.csci310.project.FavoritesStepDefs.iCanSeeMyFavoritesList()&amp#27;[0m
]]></system-out>
  </testcase>
  <testcase name="Favorites list - Ordering is persistent" classname="Favorites list" time="5.201">
    <system-out><![CDATA[2025-05-01T19:44:57.925-07:00  INFO 78842 --- [           main] t.c.s.AnnotationConfigContextLoaderUtils : Could not detect default configuration classes for test class [edu.usc.csci310.project.CucumberBootstrap]: CucumberBootstrap does not declare any static, non-private, non-final, nested classes annotated with @Configuration.
2025-05-01T19:44:57.927-07:00  INFO 78842 --- [           main] .b.t.c.SpringBootTestContextBootstrapper : Found @SpringBootConfiguration edu.usc.csci310.project.SpringBootAPI for test class edu.usc.csci310.project.CucumberBootstrap

Scenario: Ordering is persistent                                            &amp#27;[90m# edu/usc/csci310/project/Favorites.feature:85&amp#27;[0m
2025-05-01T19:44:59.915-07:00  WARN 78842 --- [           main] o.o.selenium.devtools.CdpVersionFinder   : Unable to find CDP implementation matching 135
2025-05-01T19:44:59.919-07:00  WARN 78842 --- [           main] o.o.selenium.chromium.ChromiumDriver     : Unable to find version of CDP to use for 135.0.7049.116. You may need to include a dependency on a specific version of the CDP using something similar to `org.seleniumhq.selenium:selenium-devtools-v86:4.17.0` where the version ("v86") matches the version of the chromium-based browser you're using and the version number of the artifact is the same as Selenium's.
Table users created
Table favorites created
  &amp#27;[32mGiven &amp#27;[0m&amp#27;[32mI am logged in and have songs on my favorites list&amp#27;[0m                  &amp#27;[90m# edu.usc.csci310.project.FavoritesStepDefs.iAmLoggedInAndHaveFavorites()&amp#27;[0m
  &amp#27;[32mAnd &amp#27;[0m&amp#27;[32mI am on the favorites page&amp#27;[0m                                            &amp#27;[90m# edu.usc.csci310.project.FavoritesStepDefs.iAmOnTheFavoritesPage()&amp#27;[0m
  &amp#27;[32mWhen &amp#27;[0m&amp#27;[32mI hover over the title of song 2&amp#27;[0m                                     &amp#27;[90m# edu.usc.csci310.project.FavoritesStepDefs.iHoverOverTheTitleOfSong2()&amp#27;[0m
  &amp#27;[32mAnd &amp#27;[0m&amp#27;[32mI click on the &amp#27;[0m&amp#27;[32m&amp#27;[1m"Move Up"&amp#27;[0m&amp#27;[32m button&amp#27;[0m                                       &amp#27;[90m# edu.usc.csci310.project.FavoritesStepDefs.iClickTheButton(java.lang.String)&amp#27;[0m
  &amp#27;[32mAnd &amp#27;[0m&amp#27;[32mI click on the &amp#27;[0m&amp#27;[32m&amp#27;[1m"Search"&amp#27;[0m&amp#27;[32m button&amp#27;[0m                                        &amp#27;[90m# edu.usc.csci310.project.FavoritesStepDefs.iClickTheButton(java.lang.String)&amp#27;[0m
  &amp#27;[32mAnd &amp#27;[0m&amp#27;[32mI click on the &amp#27;[0m&amp#27;[32m&amp#27;[1m"Favorites"&amp#27;[0m&amp#27;[32m button&amp#27;[0m                                     &amp#27;[90m# edu.usc.csci310.project.FavoritesStepDefs.iClickTheButton(java.lang.String)&amp#27;[0m
  &amp#27;[32mThen &amp#27;[0m&amp#27;[32mSong 2 &amp#27;[0m&amp#27;[32m&amp#27;[1m"Love Yourself"&amp#27;[0m&amp#27;[32m should be the first song on my favorites list&amp#27;[0m &amp#27;[90m# edu.usc.csci310.project.FavoritesStepDefs.song2ShouldBeTheFirstSongOnMyFavoritesList(java.lang.String)&amp#27;[0m
]]></system-out>
  </testcase>
  <testcase name="Favorites list - Privacy setting is persistent" classname="Favorites list" time="4.439">
    <system-out><![CDATA[2025-05-01T19:45:03.127-07:00  INFO 78842 --- [           main] t.c.s.AnnotationConfigContextLoaderUtils : Could not detect default configuration classes for test class [edu.usc.csci310.project.CucumberBootstrap]: CucumberBootstrap does not declare any static, non-private, non-final, nested classes annotated with @Configuration.
2025-05-01T19:45:03.129-07:00  INFO 78842 --- [           main] .b.t.c.SpringBootTestContextBootstrapper : Found @SpringBootConfiguration edu.usc.csci310.project.SpringBootAPI for test class edu.usc.csci310.project.CucumberBootstrap

Scenario: Privacy setting is persistent                    &amp#27;[90m# edu/usc/csci310/project/Favorites.feature:94&amp#27;[0m
2025-05-01T19:45:04.970-07:00  WARN 78842 --- [           main] o.o.selenium.devtools.CdpVersionFinder   : Unable to find CDP implementation matching 135
2025-05-01T19:45:04.974-07:00  WARN 78842 --- [           main] o.o.selenium.chromium.ChromiumDriver     : Unable to find version of CDP to use for 135.0.7049.116. You may need to include a dependency on a specific version of the CDP using something similar to `org.seleniumhq.selenium:selenium-devtools-v86:4.17.0` where the version ("v86") matches the version of the chromium-based browser you're using and the version number of the artifact is the same as Selenium's.
Table users created
Table favorites created
  &amp#27;[32mGiven &amp#27;[0m&amp#27;[32mI am logged in and have songs on my favorites list&amp#27;[0m &amp#27;[90m# edu.usc.csci310.project.FavoritesStepDefs.iAmLoggedInAndHaveFavorites()&amp#27;[0m
  &amp#27;[32mAnd &amp#27;[0m&amp#27;[32mI am on the favorites page&amp#27;[0m                           &amp#27;[90m# edu.usc.csci310.project.FavoritesStepDefs.iAmOnTheFavoritesPage()&amp#27;[0m
  &amp#27;[32mWhen &amp#27;[0m&amp#27;[32mI click on the &amp#27;[0m&amp#27;[32m&amp#27;[1m"Account Public"&amp#27;[0m&amp#27;[32m button&amp#27;[0m              &amp#27;[90m# edu.usc.csci310.project.FavoritesStepDefs.iClickTheButton(java.lang.String)&amp#27;[0m
  &amp#27;[32mAnd &amp#27;[0m&amp#27;[32mI click on the &amp#27;[0m&amp#27;[32m&amp#27;[1m"Search"&amp#27;[0m&amp#27;[32m button&amp#27;[0m                       &amp#27;[90m# edu.usc.csci310.project.FavoritesStepDefs.iClickTheButton(java.lang.String)&amp#27;[0m
  &amp#27;[32mAnd &amp#27;[0m&amp#27;[32mI click on the &amp#27;[0m&amp#27;[32m&amp#27;[1m"Favorites"&amp#27;[0m&amp#27;[32m button&amp#27;[0m                    &amp#27;[90m# edu.usc.csci310.project.FavoritesStepDefs.iClickTheButton(java.lang.String)&amp#27;[0m
  &amp#27;[32mThen &amp#27;[0m&amp#27;[32mMy account should be public&amp#27;[0m                         &amp#27;[90m# edu.usc.csci310.project.FavoritesStepDefs.myAccountShouldBePublic()&amp#27;[0m
]]></system-out>
  </testcase>
  <testcase name="Friends Feature to compare users&apos; favorite songs - Default ordering list is descending by frequency" classname="Friends Feature to compare users&apos; favorite songs" time="6.714">
    <system-out><![CDATA[2025-05-01T19:45:07.570-07:00  INFO 78842 --- [           main] t.c.s.AnnotationConfigContextLoaderUtils : Could not detect default configuration classes for test class [edu.usc.csci310.project.CucumberBootstrap]: CucumberBootstrap does not declare any static, non-private, non-final, nested classes annotated with @Configuration.
2025-05-01T19:45:07.571-07:00  INFO 78842 --- [           main] .b.t.c.SpringBootTestContextBootstrapper : Found @SpringBootConfiguration edu.usc.csci310.project.SpringBootAPI for test class edu.usc.csci310.project.CucumberBootstrap

Scenario: Default ordering list is descending by frequency          &amp#27;[90m# edu/usc/csci310/project/Friends.feature:3&amp#27;[0m
2025-05-01T19:45:11.108-07:00  WARN 78842 --- [           main] o.o.selenium.devtools.CdpVersionFinder   : Unable to find CDP implementation matching 135
2025-05-01T19:45:11.110-07:00  WARN 78842 --- [           main] o.o.selenium.chromium.ChromiumDriver     : Unable to find version of CDP to use for 135.0.7049.116. You may need to include a dependency on a specific version of the CDP using something similar to `org.seleniumhq.selenium:selenium-devtools-v86:4.17.0` where the version ("v86") matches the version of the chromium-based browser you're using and the version number of the artifact is the same as Selenium's.
Table users created
Table favorites created
  &amp#27;[32mGiven &amp#27;[0m&amp#27;[32mThere are multiple users with public accounts and favorites&amp#27;[0m &amp#27;[90m# edu.usc.csci310.project.FriendsStepDefs.thereAreMultipleUsersWithPublicAccountsAndFavorites()&amp#27;[0m
  &amp#27;[32mAnd &amp#27;[0m&amp#27;[32mI am logged in and on the friends comparison page&amp#27;[0m             &amp#27;[90m# edu.usc.csci310.project.FriendsStepDefs.iAmLoggedInAndOnTheMatchPage()&amp#27;[0m
  &amp#27;[32mWhen &amp#27;[0m&amp#27;[32mI enter &amp#27;[0m&amp#27;[32m&amp#27;[1m"user2"&amp#27;[0m&amp#27;[32m in the search friends field&amp#27;[0m                  &amp#27;[90m# edu.usc.csci310.project.FriendsStepDefs.iEnterUser2InTheSearchFriendsField(java.lang.String)&amp#27;[0m
  &amp#27;[32mAnd &amp#27;[0m&amp#27;[32mI click the &amp#27;[0m&amp#27;[32m&amp#27;[1m"Submit"&amp#27;[0m&amp#27;[32m button&amp#27;[0m                                   &amp#27;[90m# edu.usc.csci310.project.LoginStepDefs.iClickTheButton(java.lang.String)&amp#27;[0m
My stupid head counter is: 2
  &amp#27;[32mThen &amp#27;[0m&amp#27;[32mI should see list of songs high to low frequency&amp#27;[0m             &amp#27;[90m# edu.usc.csci310.project.FriendsStepDefs.iShouldSeeListOfSongsHighToLowFrequency()&amp#27;[0m
]]></system-out>
  </testcase>
  <testcase name="Friends Feature to compare users&apos; favorite songs - Display comparison list with frequency" classname="Friends Feature to compare users&apos; favorite songs" time="4.152">
    <system-out><![CDATA[2025-05-01T19:45:14.284-07:00  INFO 78842 --- [           main] t.c.s.AnnotationConfigContextLoaderUtils : Could not detect default configuration classes for test class [edu.usc.csci310.project.CucumberBootstrap]: CucumberBootstrap does not declare any static, non-private, non-final, nested classes annotated with @Configuration.
2025-05-01T19:45:14.285-07:00  INFO 78842 --- [           main] .b.t.c.SpringBootTestContextBootstrapper : Found @SpringBootConfiguration edu.usc.csci310.project.SpringBootAPI for test class edu.usc.csci310.project.CucumberBootstrap

Scenario: Display comparison list with frequency                    &amp#27;[90m# edu/usc/csci310/project/Friends.feature:10&amp#27;[0m
2025-05-01T19:45:16.445-07:00  WARN 78842 --- [           main] o.o.selenium.devtools.CdpVersionFinder   : Unable to find CDP implementation matching 135
2025-05-01T19:45:16.447-07:00  WARN 78842 --- [           main] o.o.selenium.chromium.ChromiumDriver     : Unable to find version of CDP to use for 135.0.7049.116. You may need to include a dependency on a specific version of the CDP using something similar to `org.seleniumhq.selenium:selenium-devtools-v86:4.17.0` where the version ("v86") matches the version of the chromium-based browser you're using and the version number of the artifact is the same as Selenium's.
Table users created
Table favorites created
  &amp#27;[32mGiven &amp#27;[0m&amp#27;[32mThere are multiple users with public accounts and favorites&amp#27;[0m &amp#27;[90m# edu.usc.csci310.project.FriendsStepDefs.thereAreMultipleUsersWithPublicAccountsAndFavorites()&amp#27;[0m
  &amp#27;[32mAnd &amp#27;[0m&amp#27;[32mI am logged in and on the friends comparison page&amp#27;[0m             &amp#27;[90m# edu.usc.csci310.project.FriendsStepDefs.iAmLoggedInAndOnTheMatchPage()&amp#27;[0m
  &amp#27;[32mWhen &amp#27;[0m&amp#27;[32mI enter &amp#27;[0m&amp#27;[32m&amp#27;[1m"user2"&amp#27;[0m&amp#27;[32m in the search friends field&amp#27;[0m                  &amp#27;[90m# edu.usc.csci310.project.FriendsStepDefs.iEnterUser2InTheSearchFriendsField(java.lang.String)&amp#27;[0m
My stupid head counter is: 2
  &amp#27;[32mAnd &amp#27;[0m&amp#27;[32mI click the &amp#27;[0m&amp#27;[32m&amp#27;[1m"Submit"&amp#27;[0m&amp#27;[32m button&amp#27;[0m                                   &amp#27;[90m# edu.usc.csci310.project.LoginStepDefs.iClickTheButton(java.lang.String)&amp#27;[0m
  &amp#27;[32mThen &amp#27;[0m&amp#27;[32mI should see a list of shared favorite songs&amp#27;[0m                 &amp#27;[90m# edu.usc.csci310.project.FriendsStepDefs.iShouldSeeAListOfSharedSongs()&amp#27;[0m
]]></system-out>
  </testcase>
  <testcase name="Friends Feature to compare users&apos; favorite songs - Toggle sorting order for list" classname="Friends Feature to compare users&apos; favorite songs" time="4.51">
    <system-out><![CDATA[2025-05-01T19:45:18.438-07:00  INFO 78842 --- [           main] t.c.s.AnnotationConfigContextLoaderUtils : Could not detect default configuration classes for test class [edu.usc.csci310.project.CucumberBootstrap]: CucumberBootstrap does not declare any static, non-private, non-final, nested classes annotated with @Configuration.
2025-05-01T19:45:18.439-07:00  INFO 78842 --- [           main] .b.t.c.SpringBootTestContextBootstrapper : Found @SpringBootConfiguration edu.usc.csci310.project.SpringBootAPI for test class edu.usc.csci310.project.CucumberBootstrap

Scenario: Toggle sorting order for list                             &amp#27;[90m# edu/usc/csci310/project/Friends.feature:17&amp#27;[0m
2025-05-01T19:45:20.712-07:00  WARN 78842 --- [           main] o.o.selenium.devtools.CdpVersionFinder   : Unable to find CDP implementation matching 135
2025-05-01T19:45:20.714-07:00  WARN 78842 --- [           main] o.o.selenium.chromium.ChromiumDriver     : Unable to find version of CDP to use for 135.0.7049.116. You may need to include a dependency on a specific version of the CDP using something similar to `org.seleniumhq.selenium:selenium-devtools-v86:4.17.0` where the version ("v86") matches the version of the chromium-based browser you're using and the version number of the artifact is the same as Selenium's.
Table users created
Table favorites created
  &amp#27;[32mGiven &amp#27;[0m&amp#27;[32mThere are multiple users with public accounts and favorites&amp#27;[0m &amp#27;[90m# edu.usc.csci310.project.FriendsStepDefs.thereAreMultipleUsersWithPublicAccountsAndFavorites()&amp#27;[0m
  &amp#27;[32mAnd &amp#27;[0m&amp#27;[32mI am logged in and on the friends comparison page&amp#27;[0m             &amp#27;[90m# edu.usc.csci310.project.FriendsStepDefs.iAmLoggedInAndOnTheMatchPage()&amp#27;[0m
  &amp#27;[32mWhen &amp#27;[0m&amp#27;[32mI enter &amp#27;[0m&amp#27;[32m&amp#27;[1m"user2"&amp#27;[0m&amp#27;[32m in the search friends field&amp#27;[0m                  &amp#27;[90m# edu.usc.csci310.project.FriendsStepDefs.iEnterUser2InTheSearchFriendsField(java.lang.String)&amp#27;[0m
My stupid head counter is: 2
  &amp#27;[32mAnd &amp#27;[0m&amp#27;[32mI click the &amp#27;[0m&amp#27;[32m&amp#27;[1m"Submit"&amp#27;[0m&amp#27;[32m button&amp#27;[0m                                   &amp#27;[90m# edu.usc.csci310.project.LoginStepDefs.iClickTheButton(java.lang.String)&amp#27;[0m
  &amp#27;[32mAnd &amp#27;[0m&amp#27;[32mI click the &amp#27;[0m&amp#27;[32m&amp#27;[1m"Sort Ascending"&amp#27;[0m&amp#27;[32m button&amp#27;[0m                           &amp#27;[90m# edu.usc.csci310.project.LoginStepDefs.iClickTheButton(java.lang.String)&amp#27;[0m
  &amp#27;[32mThen &amp#27;[0m&amp#27;[32mI should see list of songs low to high frequency&amp#27;[0m             &amp#27;[90m# edu.usc.csci310.project.FriendsStepDefs.iShouldSeeListOfSongsLowToHighFrequency()&amp#27;[0m
  &amp#27;[32mWhen &amp#27;[0m&amp#27;[32mI click the &amp#27;[0m&amp#27;[32m&amp#27;[1m"Sort Descending"&amp#27;[0m&amp#27;[32m button&amp#27;[0m                         &amp#27;[90m# edu.usc.csci310.project.LoginStepDefs.iClickTheButton(java.lang.String)&amp#27;[0m
  &amp#27;[32mThen &amp#27;[0m&amp#27;[32mI should see list of songs high to low frequency&amp#27;[0m             &amp#27;[90m# edu.usc.csci310.project.FriendsStepDefs.iShouldSeeListOfSongsHighToLowFrequency()&amp#27;[0m
]]></system-out>
  </testcase>
  <testcase name="Friends Feature to compare users&apos; favorite songs - All songs are unique among friends" classname="Friends Feature to compare users&apos; favorite songs" time="4.555">
    <system-out><![CDATA[2025-05-01T19:45:22.948-07:00  INFO 78842 --- [           main] t.c.s.AnnotationConfigContextLoaderUtils : Could not detect default configuration classes for test class [edu.usc.csci310.project.CucumberBootstrap]: CucumberBootstrap does not declare any static, non-private, non-final, nested classes annotated with @Configuration.
2025-05-01T19:45:22.950-07:00  INFO 78842 --- [           main] .b.t.c.SpringBootTestContextBootstrapper : Found @SpringBootConfiguration edu.usc.csci310.project.SpringBootAPI for test class edu.usc.csci310.project.CucumberBootstrap

Scenario: All songs are unique among friends                             &amp#27;[90m# edu/usc/csci310/project/Friends.feature:27&amp#27;[0m
2025-05-01T19:45:25.285-07:00  WARN 78842 --- [           main] o.o.selenium.devtools.CdpVersionFinder   : Unable to find CDP implementation matching 135
2025-05-01T19:45:25.287-07:00  WARN 78842 --- [           main] o.o.selenium.chromium.ChromiumDriver     : Unable to find version of CDP to use for 135.0.7049.116. You may need to include a dependency on a specific version of the CDP using something similar to `org.seleniumhq.selenium:selenium-devtools-v86:4.17.0` where the version ("v86") matches the version of the chromium-based browser you're using and the version number of the artifact is the same as Selenium's.
Table users created
Table favorites created
  &amp#27;[32mGiven &amp#27;[0m&amp#27;[32mNone of the songs are shared between my friends' favorites lists&amp#27;[0m &amp#27;[90m# edu.usc.csci310.project.FriendsStepDefs.noneOfTheSongsAreSharedBetweenMyFriendsFavoritesLists()&amp#27;[0m
  &amp#27;[32mAnd &amp#27;[0m&amp#27;[32mI am logged in as &amp#27;[0m&amp#27;[32m&amp#27;[1m"user4"&amp#27;[0m&amp#27;[32m and on the friends comparison page&amp#27;[0m       &amp#27;[90m# edu.usc.csci310.project.FriendsStepDefs.iAmLoggedInAndOnTheMatchPage(java.lang.String)&amp#27;[0m
  &amp#27;[32mWhen &amp#27;[0m&amp#27;[32mI enter &amp#27;[0m&amp#27;[32m&amp#27;[1m"user5"&amp#27;[0m&amp#27;[32m in the search friends field&amp#27;[0m                       &amp#27;[90m# edu.usc.csci310.project.FriendsStepDefs.iEnterUser2InTheSearchFriendsField(java.lang.String)&amp#27;[0m
My stupid head counter is: 0
  &amp#27;[32mAnd &amp#27;[0m&amp#27;[32mI click the &amp#27;[0m&amp#27;[32m&amp#27;[1m"Submit"&amp#27;[0m&amp#27;[32m button&amp#27;[0m                                        &amp#27;[90m# edu.usc.csci310.project.LoginStepDefs.iClickTheButton(java.lang.String)&amp#27;[0m
  &amp#27;[32mThen &amp#27;[0m&amp#27;[32mI should see a list of songs each with a frequency of 1&amp#27;[0m           &amp#27;[90m# edu.usc.csci310.project.FriendsStepDefs.iShouldSeeAListOfSongsEachWithAFrequencyOf1()&amp#27;[0m
]]></system-out>
  </testcase>
  <testcase name="Friends Feature to compare users&apos; favorite songs - Hovering over frequency number shows list of friends" classname="Friends Feature to compare users&apos; favorite songs" time="3.827">
    <system-out><![CDATA[2025-05-01T19:45:27.504-07:00  INFO 78842 --- [           main] t.c.s.AnnotationConfigContextLoaderUtils : Could not detect default configuration classes for test class [edu.usc.csci310.project.CucumberBootstrap]: CucumberBootstrap does not declare any static, non-private, non-final, nested classes annotated with @Configuration.
2025-05-01T19:45:27.506-07:00  INFO 78842 --- [           main] .b.t.c.SpringBootTestContextBootstrapper : Found @SpringBootConfiguration edu.usc.csci310.project.SpringBootAPI for test class edu.usc.csci310.project.CucumberBootstrap

Scenario: Hovering over frequency number shows list of friends      &amp#27;[90m# edu/usc/csci310/project/Friends.feature:34&amp#27;[0m
2025-05-01T19:45:29.089-07:00  WARN 78842 --- [           main] o.o.selenium.devtools.CdpVersionFinder   : Unable to find CDP implementation matching 135
2025-05-01T19:45:29.092-07:00  WARN 78842 --- [           main] o.o.selenium.chromium.ChromiumDriver     : Unable to find version of CDP to use for 135.0.7049.116. You may need to include a dependency on a specific version of the CDP using something similar to `org.seleniumhq.selenium:selenium-devtools-v86:4.17.0` where the version ("v86") matches the version of the chromium-based browser you're using and the version number of the artifact is the same as Selenium's.
Table users created
Table favorites created
  &amp#27;[32mGiven &amp#27;[0m&amp#27;[32mThere are multiple users with public accounts and favorites&amp#27;[0m &amp#27;[90m# edu.usc.csci310.project.FriendsStepDefs.thereAreMultipleUsersWithPublicAccountsAndFavorites()&amp#27;[0m
  &amp#27;[32mAnd &amp#27;[0m&amp#27;[32mI am logged in and on the friends comparison page&amp#27;[0m             &amp#27;[90m# edu.usc.csci310.project.FriendsStepDefs.iAmLoggedInAndOnTheMatchPage()&amp#27;[0m
  &amp#27;[32mWhen &amp#27;[0m&amp#27;[32mI enter &amp#27;[0m&amp#27;[32m&amp#27;[1m"user2"&amp#27;[0m&amp#27;[32m in the search friends field&amp#27;[0m                  &amp#27;[90m# edu.usc.csci310.project.FriendsStepDefs.iEnterUser2InTheSearchFriendsField(java.lang.String)&amp#27;[0m
  &amp#27;[32mAnd &amp#27;[0m&amp#27;[32mI click the &amp#27;[0m&amp#27;[32m&amp#27;[1m"Submit"&amp#27;[0m&amp#27;[32m button&amp#27;[0m                                   &amp#27;[90m# edu.usc.csci310.project.LoginStepDefs.iClickTheButton(java.lang.String)&amp#27;[0m
My stupid head counter is: 2
  &amp#27;[32mAnd &amp#27;[0m&amp#27;[32mI enter &amp#27;[0m&amp#27;[32m&amp#27;[1m"user3"&amp#27;[0m&amp#27;[32m in the search friends field&amp#27;[0m                   &amp#27;[90m# edu.usc.csci310.project.FriendsStepDefs.iEnterUser2InTheSearchFriendsField(java.lang.String)&amp#27;[0m
  &amp#27;[32mAnd &amp#27;[0m&amp#27;[32mI click the &amp#27;[0m&amp#27;[32m&amp#27;[1m"Submit"&amp#27;[0m&amp#27;[32m button&amp#27;[0m                                   &amp#27;[90m# edu.usc.csci310.project.LoginStepDefs.iClickTheButton(java.lang.String)&amp#27;[0m
  &amp#27;[32mAnd &amp#27;[0m&amp#27;[32mI hover over the frequency number next to song1&amp#27;[0m               &amp#27;[90m# edu.usc.csci310.project.FriendsStepDefs.iHoverOverTheTitleOfSong2()&amp#27;[0m
  &amp#27;[32mThen &amp#27;[0m&amp#27;[32mI see the usernames of friends who favorited that song&amp#27;[0m       &amp#27;[90m# edu.usc.csci310.project.FriendsStepDefs.iSeeTheUsernamesOfFriendsWhoFavoritedThatSong()&amp#27;[0m
]]></system-out>
  </testcase>
  <testcase name="Friends Feature to compare users&apos; favorite songs - Clicking on a song title shows song details" classname="Friends Feature to compare users&apos; favorite songs" time="4.994">
    <system-out><![CDATA[2025-05-01T19:45:31.331-07:00  INFO 78842 --- [           main] t.c.s.AnnotationConfigContextLoaderUtils : Could not detect default configuration classes for test class [edu.usc.csci310.project.CucumberBootstrap]: CucumberBootstrap does not declare any static, non-private, non-final, nested classes annotated with @Configuration.
2025-05-01T19:45:31.332-07:00  INFO 78842 --- [           main] .b.t.c.SpringBootTestContextBootstrapper : Found @SpringBootConfiguration edu.usc.csci310.project.SpringBootAPI for test class edu.usc.csci310.project.CucumberBootstrap

Scenario: Clicking on a song title shows song details               &amp#27;[90m# edu/usc/csci310/project/Friends.feature:44&amp#27;[0m
2025-05-01T19:45:33.328-07:00  WARN 78842 --- [           main] o.o.selenium.devtools.CdpVersionFinder   : Unable to find CDP implementation matching 135
2025-05-01T19:45:33.335-07:00  WARN 78842 --- [           main] o.o.selenium.chromium.ChromiumDriver     : Unable to find version of CDP to use for 135.0.7049.116. You may need to include a dependency on a specific version of the CDP using something similar to `org.seleniumhq.selenium:selenium-devtools-v86:4.17.0` where the version ("v86") matches the version of the chromium-based browser you're using and the version number of the artifact is the same as Selenium's.
Table users created
Table favorites created
  &amp#27;[32mGiven &amp#27;[0m&amp#27;[32mThere are multiple users with public accounts and favorites&amp#27;[0m &amp#27;[90m# edu.usc.csci310.project.FriendsStepDefs.thereAreMultipleUsersWithPublicAccountsAndFavorites()&amp#27;[0m
  &amp#27;[32mAnd &amp#27;[0m&amp#27;[32mI am logged in and on the friends comparison page&amp#27;[0m             &amp#27;[90m# edu.usc.csci310.project.FriendsStepDefs.iAmLoggedInAndOnTheMatchPage()&amp#27;[0m
  &amp#27;[32mWhen &amp#27;[0m&amp#27;[32mI enter &amp#27;[0m&amp#27;[32m&amp#27;[1m"user2"&amp#27;[0m&amp#27;[32m in the search friends field&amp#27;[0m                  &amp#27;[90m# edu.usc.csci310.project.FriendsStepDefs.iEnterUser2InTheSearchFriendsField(java.lang.String)&amp#27;[0m
  &amp#27;[32mAnd &amp#27;[0m&amp#27;[32mI click the &amp#27;[0m&amp#27;[32m&amp#27;[1m"Submit"&amp#27;[0m&amp#27;[32m button&amp#27;[0m                                   &amp#27;[90m# edu.usc.csci310.project.LoginStepDefs.iClickTheButton(java.lang.String)&amp#27;[0m
My stupid head counter is: 2
  &amp#27;[32mAnd &amp#27;[0m&amp#27;[32mI click on the song title &amp#27;[0m&amp#27;[32m&amp#27;[1m"Sorry"&amp#27;[0m                             &amp#27;[90m# edu.usc.csci310.project.FriendsStepDefs.iClickOnTheTitleOfSong1(java.lang.String)&amp#27;[0m
I'm querying banana for :Love Yourself
cardigan Taylor Swift
Love Yourself Justin Bieber
BLUE Billie Eilish
Sorry Justin Bieber
9069f9a5c4a7499886f5849c8099fe79 : 9fdc45804ec24a18b510c35f5b5eb492
Status Code: 200
{"tracks":{"href":"https://api.spotify.com/v1/search?offset=0&limit=1&query=Love%20Yourself%20Justin%20Bieber&type=track","limit":1,"next":"https://api.spotify.com/v1/search?offset=1&limit=1&query=Love%20Yourself%20Justin%20Bieber&type=track","offset":0,"previous":null,"total":1000,"items":[{"album":{"album_type":"album","artists":[{"external_urls":{"spotify":"https://open.spotify.com/artist/1uNFoZAHBGtllmzznpCI3s"},"href":"https://api.spotify.com/v1/artists/1uNFoZAHBGtllmzznpCI3s","id":"1uNFoZAHBGtllmzznpCI3s","name":"Justin Bieber","type":"artist","uri":"spotify:artist:1uNFoZAHBGtllmzznpCI3s"}],"available_markets":["AR","AU","AT","BE","BO","BR","BG","CA","CL","CO","CR","CY","CZ","DK","DO","DE","EC","EE","SV","FI","FR","GR","GT","HN","HK","HU","IS","IE","IT","LV","LT","LU","MT","MX","NL","NZ","NI","NO","PA","PY","PE","PH","PL","PT","SK","ES","SE","CH","TW","TR","UY","US","GB","AD","LI","MC","JP","TH","VN","RO","IL","ZA","IN","BY","KZ","MD","UA","AL","BA","HR","ME","MK","RS","SI","KR","BD","PK","LK","GH","KE","NG","TZ","UG","AG","AM","BS","BB","BZ","BT","BW","BF","CV","CW","DM","FJ","GM","GE","GD","GW","GY","HT","JM","KI","LS","LR","MW","MV","ML","MH","FM","NA","NR","NE","PW","PG","WS","SM","ST","SN","SC","SL","SB","KN","LC","VC","SR","TL","TO","TT","TV","VU","AZ","BN","BI","KH","CM","TD","KM","GQ","SZ","GA","GN","KG","LA","MO","MR","MN","NP","RW","TG","UZ","ZW","BJ","MG","MU","MZ","AO","CI","DJ","ZM","CD","CG","TJ","VE","ET","XK"],"external_urls":{"spotify":"https://open.spotify.com/album/6Fr2rQkZ383FcMqFyT7yPr"},"href":"https://api.spotify.com/v1/albums/6Fr2rQkZ383FcMqFyT7yPr","id":"6Fr2rQkZ383FcMqFyT7yPr","images":[{"height":640,"width":640,"url":"https://i.scdn.co/image/ab67616d0000b273f46b9d202509a8f7384b90de"},{"height":300,"width":300,"url":"https://i.scdn.co/image/ab67616d00001e02f46b9d202509a8f7384b90de"},{"height":64,"width":64,"url":"https://i.scdn.co/image/ab67616d00004851f46b9d202509a8f7384b90de"}],"is_playable":true,"name":"Purpose (Deluxe)","release_date":"2015-11-13","release_date_precision":"day","total_tracks":19,"type":"album","uri":"spotify:album:6Fr2rQkZ383FcMqFyT7yPr"},"artists":[{"external_urls":{"spotify":"https://open.spotify.com/artist/1uNFoZAHBGtllmzznpCI3s"},"href":"https://api.spotify.com/v1/artists/1uNFoZAHBGtllmzznpCI3s","id":"1uNFoZAHBGtllmzznpCI3s","name":"Justin Bieber","type":"artist","uri":"spotify:artist:1uNFoZAHBGtllmzznpCI3s"}],"available_markets":["AR","AU","AT","BE","BO","BR","BG","CA","CL","CO","CR","CY","CZ","DK","DO","DE","EC","EE","SV","FI","FR","GR","GT","HN","HK","HU","IS","IE","IT","LV","LT","LU","MT","MX","NL","NZ","NI","NO","PA","PY","PE","PH","PL","PT","SK","ES","SE","CH","TW","TR","UY","US","GB","AD","LI","MC","JP","TH","VN","RO","IL","ZA","IN","BY","KZ","MD","UA","AL","BA","HR","ME","MK","RS","SI","KR","BD","PK","LK","GH","KE","NG","TZ","UG","AG","AM","BS","BB","BZ","BT","BW","BF","CV","CW","DM","FJ","GM","GE","GD","GW","GY","HT","JM","KI","LS","LR","MW","MV","ML","MH","FM","NA","NR","NE","PW","PG","WS","SM","ST","SN","SC","SL","SB","KN","LC","VC","SR","TL","TO","TT","TV","VU","AZ","BN","BI","KH","CM","TD","KM","GQ","SZ","GA","GN","KG","LA","MO","MR","MN","NP","RW","TG","UZ","ZW","BJ","MG","MU","MZ","AO","CI","DJ","ZM","CD","CG","TJ","VE","ET","XK"],"disc_number":1,"duration_ms":233720,"explicit":false,"external_ids":{"isrc":"USUM71516761"},"external_urls":{"spotify":"https://open.spotify.com/track/50kpGaPAhYJ3sGmk6vplg0"},"href":"https://api.spotify.com/v1/tracks/50kpGaPAhYJ3sGmk6vplg0","id":"50kpGaPAhYJ3sGmk6vplg0","is_local":false,"is_playable":true,"name":"Love Yourself","popularity":87,"preview_url":null,"track_number":5,"type":"track","uri":"spotify:track:50kpGaPAhYJ3sGmk6vplg0"}]}}
Purpose (Deluxe)
2015
Status Code: 200
For all the times that you rained on my parade
And all the clubs you get in using my name
You think you broke my heart, oh girl for goodness sake!
You think I'm crying on my own, well I ain't
And I didn't wanna write a song

'Cause I didn't want anyone thinking I still care

I don't but, you still hit my phone up

And baby I'll be movin' on

And I think it should be somethin'

That I don't wanna hold back

Maybe you should know that



My mama don't like you and she likes everyone

And I never like to admit that I was wrong

And I've been so caught up in my job,

Didn't see what's going on

But now I know, I'm better sleeping on my own



'Cause if you like the way you look that much

Oh baby you should go and love yourself

And if you think that I'm still holdin' on to somethin'

You should go and love yourself



But when you told me that you hated my friends

The only problem was with you and not them

And every time you told me my opinion was wrong

And tried to make me forget where I came from



And I didn't wanna write a song

'Cause I didn't want anyone thinking I still care

I don't but, you still hit my phone up

And baby I'll be movin' on

And I think it should be somethin'

That I don't wanna hold back

Maybe you should know that



My mama don't like you and she likes everyone

And I never like to admit that I was wrong

And I've been so caught up in my job

Didn't see what's going on

And now I know, I'm better sleeping on my own



'Cause if you like the way you look that much

Oh baby you should go and love yourself

And if you think that I'm still holdin' on to somethin'

You should go and love yourself



For all the times that you made me feel small

I fell in love, now I feel nothin' at all

I never felt so low when I was vulnerable

Was I a fool to let you break down my walls?



'Cause if you like the way you look that much

Oh baby you should go and love yourself

And if you think that I'm still holdin' on to somethin'

You should go and love yourself



'Cause if you like the way you look that much

Oh baby you should go and love yourself

And if you think that I'm still holdin' on to somethin'

You should go and love yourself
  &amp#27;[32mThen &amp#27;[0m&amp#27;[32mI should see the song's artist and year of recording&amp#27;[0m         &amp#27;[90m# edu.usc.csci310.project.FriendsStepDefs.iShouldSeeTheSongDetailsTitleArtistYear()&amp#27;[0m
]]></system-out>
  </testcase>
  <testcase name="Friends Feature to compare users&apos; favorite songs - Error message when adding a non-existent friend" classname="Friends Feature to compare users&apos; favorite songs" time="4.103">
    <system-out><![CDATA[2025-05-01T19:45:36.326-07:00  INFO 78842 --- [           main] t.c.s.AnnotationConfigContextLoaderUtils : Could not detect default configuration classes for test class [edu.usc.csci310.project.CucumberBootstrap]: CucumberBootstrap does not declare any static, non-private, non-final, nested classes annotated with @Configuration.
2025-05-01T19:45:36.327-07:00  INFO 78842 --- [           main] .b.t.c.SpringBootTestContextBootstrapper : Found @SpringBootConfiguration edu.usc.csci310.project.SpringBootAPI for test class edu.usc.csci310.project.CucumberBootstrap

Scenario: Error message when adding a non-existent friend           &amp#27;[90m# edu/usc/csci310/project/Friends.feature:52&amp#27;[0m
2025-05-01T19:45:37.976-07:00  WARN 78842 --- [           main] o.o.selenium.devtools.CdpVersionFinder   : Unable to find CDP implementation matching 135
2025-05-01T19:45:37.977-07:00  WARN 78842 --- [           main] o.o.selenium.chromium.ChromiumDriver     : Unable to find version of CDP to use for 135.0.7049.116. You may need to include a dependency on a specific version of the CDP using something similar to `org.seleniumhq.selenium:selenium-devtools-v86:4.17.0` where the version ("v86") matches the version of the chromium-based browser you're using and the version number of the artifact is the same as Selenium's.
Table users created
Table favorites created
  &amp#27;[32mGiven &amp#27;[0m&amp#27;[32mThere are multiple users with public accounts and favorites&amp#27;[0m &amp#27;[90m# edu.usc.csci310.project.FriendsStepDefs.thereAreMultipleUsersWithPublicAccountsAndFavorites()&amp#27;[0m
  &amp#27;[32mAnd &amp#27;[0m&amp#27;[32mI am logged in and on the friends comparison page&amp#27;[0m             &amp#27;[90m# edu.usc.csci310.project.FriendsStepDefs.iAmLoggedInAndOnTheMatchPage()&amp#27;[0m
  &amp#27;[32mWhen &amp#27;[0m&amp#27;[32mI enter &amp#27;[0m&amp#27;[32m&amp#27;[1m"Bob"&amp#27;[0m&amp#27;[32m in the search friends field&amp#27;[0m                    &amp#27;[90m# edu.usc.csci310.project.FriendsStepDefs.iEnterUser2InTheSearchFriendsField(java.lang.String)&amp#27;[0m
  &amp#27;[32mAnd &amp#27;[0m&amp#27;[32mI click the &amp#27;[0m&amp#27;[32m&amp#27;[1m"Submit"&amp#27;[0m&amp#27;[32m button&amp#27;[0m                                   &amp#27;[90m# edu.usc.csci310.project.LoginStepDefs.iClickTheButton(java.lang.String)&amp#27;[0m
  &amp#27;[32mThen &amp#27;[0m&amp#27;[32mI should see an error message &amp#27;[0m&amp#27;[32m&amp#27;[1m"User does not exist"&amp#27;[0m          &amp#27;[90m# edu.usc.csci310.project.FriendsStepDefs.iShouldSeeAnErrorMessage(java.lang.String)&amp#27;[0m
]]></system-out>
  </testcase>
  <testcase name="Friends Feature to compare users&apos; favorite songs - Error message when adding a private friend" classname="Friends Feature to compare users&apos; favorite songs" time="4.965">
    <system-out><![CDATA[2025-05-01T19:45:40.430-07:00  INFO 78842 --- [           main] t.c.s.AnnotationConfigContextLoaderUtils : Could not detect default configuration classes for test class [edu.usc.csci310.project.CucumberBootstrap]: CucumberBootstrap does not declare any static, non-private, non-final, nested classes annotated with @Configuration.
2025-05-01T19:45:40.432-07:00  INFO 78842 --- [           main] .b.t.c.SpringBootTestContextBootstrapper : Found @SpringBootConfiguration edu.usc.csci310.project.SpringBootAPI for test class edu.usc.csci310.project.CucumberBootstrap

Scenario: Error message when adding a private friend                &amp#27;[90m# edu/usc/csci310/project/Friends.feature:59&amp#27;[0m
2025-05-01T19:45:42.450-07:00  WARN 78842 --- [           main] o.o.selenium.devtools.CdpVersionFinder   : Unable to find CDP implementation matching 135
2025-05-01T19:45:42.451-07:00  WARN 78842 --- [           main] o.o.selenium.chromium.ChromiumDriver     : Unable to find version of CDP to use for 135.0.7049.116. You may need to include a dependency on a specific version of the CDP using something similar to `org.seleniumhq.selenium:selenium-devtools-v86:4.17.0` where the version ("v86") matches the version of the chromium-based browser you're using and the version number of the artifact is the same as Selenium's.
Table users created
Table favorites created
  &amp#27;[32mGiven &amp#27;[0m&amp#27;[32mThere are multiple users with public accounts and favorites&amp#27;[0m &amp#27;[90m# edu.usc.csci310.project.FriendsStepDefs.thereAreMultipleUsersWithPublicAccountsAndFavorites()&amp#27;[0m
  &amp#27;[32mAnd &amp#27;[0m&amp#27;[32mUser Joe exists but has a private account&amp#27;[0m                     &amp#27;[90m# edu.usc.csci310.project.FriendsStepDefs.userExistsPrivateAccount()&amp#27;[0m
  &amp#27;[32mAnd &amp#27;[0m&amp#27;[32mI am logged in and on the friends comparison page&amp#27;[0m             &amp#27;[90m# edu.usc.csci310.project.FriendsStepDefs.iAmLoggedInAndOnTheMatchPage()&amp#27;[0m
  &amp#27;[32mWhen &amp#27;[0m&amp#27;[32mI enter &amp#27;[0m&amp#27;[32m&amp#27;[1m"Joe"&amp#27;[0m&amp#27;[32m in the search friends field&amp#27;[0m                    &amp#27;[90m# edu.usc.csci310.project.FriendsStepDefs.iEnterUser2InTheSearchFriendsField(java.lang.String)&amp#27;[0m
  &amp#27;[32mAnd &amp#27;[0m&amp#27;[32mI click the &amp#27;[0m&amp#27;[32m&amp#27;[1m"Submit"&amp#27;[0m&amp#27;[32m button&amp#27;[0m                                   &amp#27;[90m# edu.usc.csci310.project.LoginStepDefs.iClickTheButton(java.lang.String)&amp#27;[0m
  &amp#27;[32mThen &amp#27;[0m&amp#27;[32mI should see an error message &amp#27;[0m&amp#27;[32m&amp#27;[1m"User account is private"&amp#27;[0m      &amp#27;[90m# edu.usc.csci310.project.FriendsStepDefs.iShouldSeeAnErrorMessage(java.lang.String)&amp#27;[0m
]]></system-out>
  </testcase>
  <testcase name="Login - Initial Page is Login Page" classname="Login" time="3.045">
    <system-out><![CDATA[2025-05-01T19:45:45.402-07:00  INFO 78842 --- [           main] t.c.s.AnnotationConfigContextLoaderUtils : Could not detect default configuration classes for test class [edu.usc.csci310.project.CucumberBootstrap]: CucumberBootstrap does not declare any static, non-private, non-final, nested classes annotated with @Configuration.
2025-05-01T19:45:45.403-07:00  INFO 78842 --- [           main] .b.t.c.SpringBootTestContextBootstrapper : Found @SpringBootConfiguration edu.usc.csci310.project.SpringBootAPI for test class edu.usc.csci310.project.CucumberBootstrap

Scenario: Initial Page is Login Page  &amp#27;[90m# edu/usc/csci310/project/Login.feature:2&amp#27;[0m
2025-05-01T19:45:47.951-07:00  WARN 78842 --- [           main] o.o.selenium.devtools.CdpVersionFinder   : Unable to find CDP implementation matching 135
2025-05-01T19:45:47.952-07:00  WARN 78842 --- [           main] o.o.selenium.chromium.ChromiumDriver     : Unable to find version of CDP to use for 135.0.7049.116. You may need to include a dependency on a specific version of the CDP using something similar to `org.seleniumhq.selenium:selenium-devtools-v86:4.17.0` where the version ("v86") matches the version of the chromium-based browser you're using and the version number of the artifact is the same as Selenium's.
Table users created
Table favorites created
  &amp#27;[32mGiven &amp#27;[0m&amp#27;[32mI am on the homepage&amp#27;[0m          &amp#27;[90m# edu.usc.csci310.project.LoginStepDefs.iAmOnTheHomepage()&amp#27;[0m
  &amp#27;[32mThen &amp#27;[0m&amp#27;[32mI should see the title &amp#27;[0m&amp#27;[32m&amp#27;[1m"Login"&amp#27;[0m &amp#27;[90m# edu.usc.csci310.project.LoginStepDefs.iShouldSeeTheTitle(java.lang.String)&amp#27;[0m
]]></system-out>
  </testcase>
  <testcase name="Login - See Website Name" classname="Login" time="1.599">
    <system-out><![CDATA[2025-05-01T19:45:48.447-07:00  INFO 78842 --- [           main] t.c.s.AnnotationConfigContextLoaderUtils : Could not detect default configuration classes for test class [edu.usc.csci310.project.CucumberBootstrap]: CucumberBootstrap does not declare any static, non-private, non-final, nested classes annotated with @Configuration.
[...]
le, dazzling, haze, mysterious, way, dear, know, second, year, always, close, forever, ever, take, take, home, lover, could, let, friend, crash, living, room, place, make, call, highly, suspicious, everyone, see, want, love, three, summer, honey, want, always, close, forever, ever, take, take, home, forever, ever, lover, lady, gentleman, please, stand, every, guitar, string, scar, hand, take, magnetic, force, man, lover, heart, borrow, blue, well, end, well, end, swear, overdramatic, true, lover, save, dirty, joke, every, table, save, seat, lover, always, close, forever, ever, take, take, home, forever, ever, darling, lover, salt, air, rust, door, never, need, anything, whisper, sure, never, ever, see, lose, memory, august, slip, away, moment, time, cause, never, mine, see, twist, bedsheet, august, sip, away, bottle, wine, cause, never, mine, back, beneath, sun, wishin, could, write, name, call, back, school, remember, thinkin, see, lose, memory, august, slip, away, moment, time, cause, never, mine, see, twist, bedsheet, august, sip, away, bottle, wine, cause, never, mine, back, still, changin, good, wanting, enough, enough, live, hope, cancel, plan, case, would, call, say, meet, behind, mall, much, summer, love, say, cause, mine, lose, mine, lose, see, lose, memory, august, slip, away, moment, time, cause, never, mine, see, twist, bedsheet, august, sip, away, bottle, wine, cause, never, mine, cause, never, mine, never, mine, remember, remember, pull, say, get, car, cancel, plan, case, would, call, back, livin, hope, hope, meet, behind, mall, remember, pull, say, get, car, cancel, plan, case, would, call, back, livin, hope, hope, meet, behind, mall, remember, pull, say, get, car, cancel, plan, case, would, call, back, livin, hope, hope, hope, hope, hope, hope, vintage, tee, brand, new, phone, high, heel, cobblestone, young, assume, know, nothing, sequined, smile, black, lipstick, sensual, politics, young, assume, know, nothing, know, dancin, levi, drunk, streetlight, know, hand, sweatshirt, baby, kiss, well, feel, old, cardigan, someone, bed, put, say, favorite, friend, friend, none, chase, two, girl, lose, one, young, assume, know, nothing, know, play, hide, seek, give, weekend, know, heartbeat, high, line, twenty, lifetime, feel, old, cardigan, someone, bed, put, say, favorite, kiss, car, downtown, bar, need, draw, star, around, scar, bleedin, cause, know, steppin, last, train, marked, bloodstain, know, try, change, end, peter, lose, wendy, know, leavin, father, run, water, young, assume, know, nothing, know, would, linger, tattoo, kiss, know, would, haunt, smell, smoke, would, hang, around, long, cause, know, everything, young, know, would, curse, long, time, chasin, shadow, grocery, line, know, would, miss, thrill, expire, would, standin, front, porch, light, know, would, come, back, would, come, back, would, come, back, would, come, back, feel, old, cardigan, someone, bed, put, say, favorite, suppose, send, away, forget, come, get, function, alcoholic, til, nobody, notice, new, aesthetic, say, hope, reason, one, blame, quiet, treason, fortnight, forever, run, sometimes, ask, weather, backyard, turn, good, neighbor, wife, water, flower, want, kill, morning, mondays, stick, endless, february, take, miracle, move, drug, effect, temporary, love, ruin, life, love, ruin, life, touch, fortnight, touch, touch, fortnight, forever, run, sometimes, ask, weather, backyard, turn, good, neighbor, wife, water, flower, want, kill, fortnight, together, run, sometimes, comment, sweater, mailbox, turn, good, neighbor, husband, cheat, want, kill, love, ruin, life, love, ruin, life, touch, fortnight, touch, touch, love, ruin, life, love, ruin, life, touch, fortnight, touch, touch, thought, callin, pick, another, fortnight, lose, america, move, florida, buy, car, want, start, till, touch, touch, touch, thought, call, pick, another, fortnight, lose, america, move, florida, buy, car, want, start, till, touch, touch, touch, blame, love, make, crazy, doin, right, lord, save, drug, baby, usin, rest, life, breakin, heart, long, time, toyin, old, guy, plaything, use, something, happen, first, time, dark, little, paradise, shakin, pacin, need, would, cross, line, would, waste, time, would, lose, mind, say, far, time, blame, love, make, crazy, doin, right, lord, save, drug, baby, usin, rest, life, blame, love, make, crazy, doin, right, lord, save, drug, baby, usin, rest, life, name, whatever, decide, call, mine, insane, baby, baby, echoes, name, inside, mind, halo, hide, obsession, poison, ivy, daisy, baby, would, fall, grace, touch, face, walk, away, would, beg, knee, stay, blame, love, make, crazy, doin, right, lord, save, drug, baby, usin, rest, life, blame, love, make, crazy, doin, right, lord, save, drug, baby, usin, rest, life, get, high, every, time, every, time, lovin, lovin, trip, life, every, time, every, time, touchin, touchin, every, time, every, time, lovin, lord, save, drug, baby, would, usin, rest, life, usin, rest, life, blame, love, make, crazy, doin, right, doin, right, lord, save, drug, baby, usin, rest, life, blame, love, make, crazy, doin, right, doin, lord, save, drug, baby, usin, rest, life, usin, usin, get, high, every, time, every, time, lovin, lovin, lord, save, drug, baby, usin, rest, life, thing, get, old, never, wise, midnight, become, afternoon, depression, work, graveyard, shift, person, ghost, stand, room, leave, device, come, price, vice, end, crisis, realize, time, wake, scream, dream, one, day, watch, leave, cuz, get, tired, scheme, last, time, problem, tea, time, everybody, agree, stare, directly, sun, never, mirror, must, exhausting, always, root, anti-hero, sometimes, feel, everybody, sexy, baby, monster, hill, big, hang, slowly, lurch, towards, favorite, city, pierced, heart, never, kill, hear, covert, narcissism, lightly, disguise, altruism, kind, congressman, wake, scream, dream, one, day, watch, leave, life, lose, meaning, last, time, problem, tea, time, everybody, agree, stare, directly, sun, never, mirror, must, exhausting, always, root, anti-hero, dream, daughter, law, kill, money, think, leave, family, gather, around, read, someone, scream, laugh, hell, problem, problem, everybody, agree, everybody, agree, problem, problem, everybody, agree, stare, directly, sun, never, mirror, must, exhausting, always, root, anti-hero]
  &amp#27;[32mAnd &amp#27;[0m&amp#27;[32mthere is an existing word cloud&amp#27;[0m                       &amp#27;[90m# edu.usc.csci310.project.WordCloudStepDefs.thereIsAnExistingWordCloud()&amp#27;[0m
  &amp#27;[32mAnd &amp#27;[0m&amp#27;[32mthere are more than 100 words in the lyrics&amp#27;[0m           &amp#27;[90m# edu.usc.csci310.project.WordCloudStepDefs.there_are_more_than_100_words_in_the_lyrics()&amp#27;[0m
Words displayed in word cloud (graph view): 100
  &amp#27;[32mThen &amp#27;[0m&amp#27;[32mthe word cloud should display no more than 100 words&amp#27;[0m &amp#27;[90m# edu.usc.csci310.project.WordCloudStepDefs.the_word_cloud_should_display_more_than_100_words()&amp#27;[0m
]]></system-out>
  </testcase>
  <testcase name="Creating a new word cloud - Ambiguous artist selection" classname="Creating a new word cloud" time="7.269">
    <system-out><![CDATA[2025-05-01T19:54:07.710-07:00  INFO 78842 --- [           main] t.c.s.AnnotationConfigContextLoaderUtils : Could not detect default configuration classes for test class [edu.usc.csci310.project.CucumberBootstrap]: CucumberBootstrap does not declare any static, non-private, non-final, nested classes annotated with @Configuration.
2025-05-01T19:54:07.712-07:00  INFO 78842 --- [           main] .b.t.c.SpringBootTestContextBootstrapper : Found @SpringBootConfiguration edu.usc.csci310.project.SpringBootAPI for test class edu.usc.csci310.project.CucumberBootstrap

Scenario: Ambiguous artist selection                                          &amp#27;[90m# edu/usc/csci310/project/WordCloud.feature:193&amp#27;[0m
2025-05-01T19:54:10.713-07:00  WARN 78842 --- [           main] o.o.selenium.devtools.CdpVersionFinder   : Unable to find CDP implementation matching 135
2025-05-01T19:54:10.721-07:00  WARN 78842 --- [           main] o.o.selenium.chromium.ChromiumDriver     : Unable to find version of CDP to use for 135.0.7049.116. You may need to include a dependency on a specific version of the CDP using something similar to `org.seleniumhq.selenium:selenium-devtools-v86:4.17.0` where the version ("v86") matches the version of the chromium-based browser you're using and the version number of the artifact is the same as Selenium's.
Table users created
Table favorites created
  &amp#27;[32mGiven &amp#27;[0m&amp#27;[32mI am logged in&amp#27;[0m                                                        &amp#27;[90m# edu.usc.csci310.project.LoginStepDefs.iAmLoggedIn()&amp#27;[0m
  &amp#27;[32mAnd &amp#27;[0m&amp#27;[32mI am on the word cloud homepage&amp#27;[0m                                         &amp#27;[90m# edu.usc.csci310.project.WordCloudStepDefs.iAmOnTheWordCloudHomepage()&amp#27;[0m
  &amp#27;[32mWhen &amp#27;[0m&amp#27;[32mI enter &amp#27;[0m&amp#27;[32m&amp#27;[1m"Justin"&amp#27;[0m&amp#27;[32m in the artist search field&amp#27;[0m                            &amp#27;[90m# edu.usc.csci310.project.WordCloudStepDefs.iEnterInTheSearchField(java.lang.String)&amp#27;[0m
  &amp#27;[32mAnd &amp#27;[0m&amp#27;[32mI click the &amp#27;[0m&amp#27;[32m&amp#27;[1m"Submit"&amp#27;[0m&amp#27;[32m button&amp#27;[0m                                             &amp#27;[90m# edu.usc.csci310.project.LoginStepDefs.iClickTheButton(java.lang.String)&amp#27;[0m
9069f9a5c4a7499886f5849c8099fe79 : 9fdc45804ec24a18b510c35f5b5eb492
Status Code: 200
Justin Bieber
Justin Timberlake
Justin Moore
Justin Quiles
Justin Townes Earle
Justin Vernon
Justin Hurwitz
Justin Johnson
Justine Skye
Justin Martin
Justin Champagne
Justin Bell
Justin Morales
Who TF Is Justin Time?
Justin Nozuka
Justin Stone
Justina Valentine
Justin Wellington
  &amp#27;[32mThen &amp#27;[0m&amp#27;[32mI should see a popup with all artists named &amp#27;[0m&amp#27;[32m&amp#27;[1m"Justin"&amp#27;[0m&amp#27;[32m with their photos&amp#27;[0m &amp#27;[90m# edu.usc.csci310.project.WordCloudStepDefs.iShouldSeeAPopupWithAllArtistsNamedWithTheirPhotos(java.lang.String)&amp#27;[0m
9069f9a5c4a7499886f5849c8099fe79 : 9fdc45804ec24a18b510c35f5b5eb492
  &amp#27;[32mWhen &amp#27;[0m&amp#27;[32mI select &amp#27;[0m&amp#27;[32m&amp#27;[1m"Justin Bieber"&amp#27;[0m                                               &amp#27;[90m# edu.usc.csci310.project.WordCloudStepDefs.iSelect(java.lang.String)&amp#27;[0m
Status Code: 200
Justin Bieber
9069f9a5c4a7499886f5849c8099fe79 : 9fdc45804ec24a18b510c35f5b5eb492
Status Code: 200
Baby
Private Landing (feat. Justin Bieber & Future)
Let Me Love You
Ghost
Beauty And A Beat
Lonely (with benny blanco)
Love Yourself
STAY (with Justin Bieber)
I Don't Care
Snooze (Acoustic) (feat. Justin Bieber)
I'll Show You
Intentions
Sorry
Roller Coaster
Changes
Yummy
Life Is Worth Living
That Should Be Me
2U
What Do You Mean?
Confident
One Life
Never Say Never
Peaches (feat. Daniel Caesar & Giveon)
Flatline
Believe
Lonely
Maria I'm Drunk (feat. Justin Bieber & Young Thug)
Angels Speak
One Time
Where Are Ü Now (with Justin Bieber)
Boyfriend
Stuck with U (with Justin Bieber)
Holy - Acoustic
As Long As You Love Me
Mistletoe
I'm the One (feat. Justin Bieber, Quavo, Chance the Rapper & Lil Wayne)
Cold Water
attention (with Justin Bieber)
Somebody To Love
  &amp#27;[32mThen &amp#27;[0m&amp#27;[32mI should see a list of popular songs for &amp#27;[0m&amp#27;[32m&amp#27;[1m"Justin Bieber"&amp#27;[0m               &amp#27;[90m# edu.usc.csci310.project.WordCloudStepDefs.iShouldSeeAListOfPopularSongsFor(java.lang.String)&amp#27;[0m
]]></system-out>
  </testcase>
  <testcase name="Creating a new word cloud - Unknown artist selection" classname="Creating a new word cloud" time="3.64">
    <system-out><![CDATA[2025-05-01T19:54:14.997-07:00  INFO 78842 --- [           main] t.c.s.AnnotationConfigContextLoaderUtils : Could not detect default configuration classes for test class [edu.usc.csci310.project.CucumberBootstrap]: CucumberBootstrap does not declare any static, non-private, non-final, nested classes annotated with @Configuration.
2025-05-01T19:54:15.005-07:00  INFO 78842 --- [           main] .b.t.c.SpringBootTestContextBootstrapper : Found @SpringBootConfiguration edu.usc.csci310.project.SpringBootAPI for test class edu.usc.csci310.project.CucumberBootstrap

Scenario: Unknown artist selection                               &amp#27;[90m# edu/usc/csci310/project/WordCloud.feature:208&amp#27;[0m
2025-05-01T19:54:16.114-07:00  WARN 78842 --- [           main] o.o.selenium.devtools.CdpVersionFinder   : Unable to find CDP implementation matching 135
2025-05-01T19:54:16.115-07:00  WARN 78842 --- [           main] o.o.selenium.chromium.ChromiumDriver     : Unable to find version of CDP to use for 135.0.7049.116. You may need to include a dependency on a specific version of the CDP using something similar to `org.seleniumhq.selenium:selenium-devtools-v86:4.17.0` where the version ("v86") matches the version of the chromium-based browser you're using and the version number of the artifact is the same as Selenium's.
Table users created
Table favorites created
  &amp#27;[32mGiven &amp#27;[0m&amp#27;[32mI am logged in&amp#27;[0m                                           &amp#27;[90m# edu.usc.csci310.project.LoginStepDefs.iAmLoggedIn()&amp#27;[0m
  &amp#27;[32mAnd &amp#27;[0m&amp#27;[32mI am on the word cloud homepage&amp#27;[0m                            &amp#27;[90m# edu.usc.csci310.project.WordCloudStepDefs.iAmOnTheWordCloudHomepage()&amp#27;[0m
  &amp#27;[32mWhen &amp#27;[0m&amp#27;[32mI enter &amp#27;[0m&amp#27;[32m&amp#27;[1m"UnknownArtistXXX"&amp#27;[0m&amp#27;[32m in the artist search field&amp#27;[0m     &amp#27;[90m# edu.usc.csci310.project.WordCloudStepDefs.iEnterInTheSearchField(java.lang.String)&amp#27;[0m
  &amp#27;[32mAnd &amp#27;[0m&amp#27;[32mI enter &amp#27;[0m&amp#27;[32m&amp#27;[1m"3"&amp#27;[0m&amp#27;[32m in the song count field&amp#27;[0m                        &amp#27;[90m# edu.usc.csci310.project.WordCloudStepDefs.iEnterInTheSongCountSearchField(java.lang.String)&amp#27;[0m
  &amp#27;[32mAnd &amp#27;[0m&amp#27;[32mI click the &amp#27;[0m&amp#27;[32m&amp#27;[1m"Submit"&amp#27;[0m&amp#27;[32m button&amp#27;[0m                                &amp#27;[90m# edu.usc.csci310.project.LoginStepDefs.iClickTheButton(java.lang.String)&amp#27;[0m
user1
9069f9a5c4a7499886f5849c8099fe79 : 9fdc45804ec24a18b510c35f5b5eb492
Status Code: 200
Error creating word count data: No matching artist found
×
  &amp#27;[32mThen &amp#27;[0m&amp#27;[32mI should see the error message &amp#27;[0m&amp#27;[32m&amp#27;[1m"No matching artist found"&amp#27;[0m &amp#27;[90m# edu.usc.csci310.project.LoginStepDefs.iShouldSeeTheErrorMessage(java.lang.String)&amp#27;[0m
]]></system-out>
    <system-err><![CDATA[java.lang.Exception: No matching artist found
	at edu.usc.csci310.project.requests.SpotifyRequest.getPossibleArtists(SpotifyRequest.java:69)
	at edu.usc.csci310.project.requests.SpotifyRequest.getNumPopularSongs(SpotifyRequest.java:78)
	at edu.usc.csci310.project.services.WordCloudService.generateWordCloud(WordCloudService.java:48)
	at edu.usc.csci310.project.controllers.WordCloudController.generateWordCloud(WordCloudController.java:42)
	at java.base/jdk.internal.reflect.DirectMethodHandleAccessor.invoke(DirectMethodHandleAccessor.java:103)
	at java.base/java.lang.reflect.Method.invoke(Method.java:580)
	at org.springframework.web.method.support.InvocableHandlerMethod.doInvoke(InvocableHandlerMethod.java:255)
	at org.springframework.web.method.support.InvocableHandlerMethod.invokeForRequest(InvocableHandlerMethod.java:188)
	at org.springframework.web.servlet.mvc.method.annotation.ServletInvocableHandlerMethod.invokeAndHandle(ServletInvocableHandlerMethod.java:118)
	at org.springframework.web.servlet.mvc.method.annotation.RequestMappingHandlerAdapter.invokeHandlerMethod(RequestMappingHandlerAdapter.java:926)
	at org.springframework.web.servlet.mvc.method.annotation.RequestMappingHandlerAdapter.handleInternal(RequestMappingHandlerAdapter.java:831)
	at org.springframework.web.servlet.mvc.method.AbstractHandlerMethodAdapter.handle(AbstractHandlerMethodAdapter.java:87)
	at org.springframework.web.servlet.DispatcherServlet.doDispatch(DispatcherServlet.java:1089)
	at org.springframework.web.servlet.DispatcherServlet.doService(DispatcherServlet.java:979)
	at org.springframework.web.servlet.FrameworkServlet.processRequest(FrameworkServlet.java:1014)
	at org.springframework.web.servlet.FrameworkServlet.doPost(FrameworkServlet.java:914)
	at jakarta.servlet.http.HttpServlet.service(HttpServlet.java:547)
	at org.springframework.web.servlet.FrameworkServlet.service(FrameworkServlet.java:885)
	at jakarta.servlet.http.HttpServlet.service(HttpServlet.java:614)
	at org.apache.catalina.core.ApplicationFilterChain.internalDoFilter(ApplicationFilterChain.java:206)
	at org.apache.catalina.core.ApplicationFilterChain.doFilter(ApplicationFilterChain.java:150)
	at org.apache.tomcat.websocket.server.WsFilter.doFilter(WsFilter.java:51)
	at org.apache.catalina.core.ApplicationFilterChain.internalDoFilter(ApplicationFilterChain.java:175)
	at org.apache.catalina.core.ApplicationFilterChain.doFilter(ApplicationFilterChain.java:150)
	at org.springframework.web.filter.RequestContextFilter.doFilterInternal(RequestContextFilter.java:100)
	at org.springframework.web.filter.OncePerRequestFilter.doFilter(OncePerRequestFilter.java:116)
	at org.apache.catalina.core.ApplicationFilterChain.internalDoFilter(ApplicationFilterChain.java:175)
	at org.apache.catalina.core.ApplicationFilterChain.doFilter(ApplicationFilterChain.java:150)
	at org.springframework.web.filter.FormContentFilter.doFilterInternal(FormContentFilter.java:93)
	at org.springframework.web.filter.OncePerRequestFilter.doFilter(OncePerRequestFilter.java:116)
	at org.apache.catalina.core.ApplicationFilterChain.internalDoFilter(ApplicationFilterChain.java:175)
	at org.apache.catalina.core.ApplicationFilterChain.doFilter(ApplicationFilterChain.java:150)
	at org.springframework.web.filter.CharacterEncodingFilter.doFilterInternal(CharacterEncodingFilter.java:201)
	at org.springframework.web.filter.OncePerRequestFilter.doFilter(OncePerRequestFilter.java:116)
	at org.apache.catalina.core.ApplicationFilterChain.internalDoFilter(ApplicationFilterChain.java:175)
	at org.apache.catalina.core.ApplicationFilterChain.doFilter(ApplicationFilterChain.java:150)
	at org.apache.catalina.core.StandardWrapperValve.invoke(StandardWrapperValve.java:167)
	at org.apache.catalina.core.StandardContextValve.invoke(StandardContextValve.java:90)
	at org.apache.catalina.authenticator.AuthenticatorBase.invoke(AuthenticatorBase.java:482)
	at org.apache.catalina.core.StandardHostValve.invoke(StandardHostValve.java:115)
	at org.apache.catalina.valves.ErrorReportValve.invoke(ErrorReportValve.java:93)
	at org.apache.catalina.core.StandardEngineValve.invoke(StandardEngineValve.java:74)
	at org.apache.catalina.connector.CoyoteAdapter.service(CoyoteAdapter.java:344)
	at org.apache.coyote.http11.Http11Processor.service(Http11Processor.java:391)
	at org.apache.coyote.AbstractProcessorLight.process(AbstractProcessorLight.java:63)
	at org.apache.coyote.AbstractProtocol$ConnectionHandler.process(AbstractProtocol.java:896)
	at org.apache.tomcat.util.net.NioEndpoint$SocketProcessor.doRun(NioEndpoint.java:1736)
	at org.apache.tomcat.util.net.SocketProcessorBase.run(SocketProcessorBase.java:52)
	at org.apache.tomcat.util.threads.ThreadPoolExecutor.runWorker(ThreadPoolExecutor.java:1191)
	at org.apache.tomcat.util.threads.ThreadPoolExecutor$Worker.run(ThreadPoolExecutor.java:659)
	at org.apache.tomcat.util.threads.TaskThread$WrappingRunnable.run(TaskThread.java:63)
	at java.base/java.lang.Thread.run(Thread.java:1583)
]]></system-err>
  </testcase>
</testsuite>